Start testing: Jul 01 12:26 India Standard Time
----------------------------------------------------------
1/135 Testing: RedisLiteToLowerTest.ConvertUpperCase
1/135 Test: RedisLiteToLowerTest.ConvertUpperCase
Command: "D:/Git pull/STL-Library/build/Tests.exe" "--gtest_filter=RedisLiteToLowerTest.ConvertUpperCase" "--gtest_also_run_disabled_tests"
Directory: D:/Git pull/STL-Library/build
"RedisLiteToLowerTest.ConvertUpperCase" start time: Jul 01 12:26 India Standard Time
Output:
----------------------------------------------------------
Note: Google Test filter = RedisLiteToLowerTest.ConvertUpperCase
[==========] Running 1 test from 1 test suite.
[----------] Global test environment set-up.
[----------] 1 test from RedisLiteToLowerTest
[ RUN      ] RedisLiteToLowerTest.ConvertUpperCase
[       OK ] RedisLiteToLowerTest.ConvertUpperCase (0 ms)
[----------] 1 test from RedisLiteToLowerTest (0 ms total)

[----------] Global test environment tear-down
[==========] 1 test from 1 test suite ran. (0 ms total)
[  PASSED  ] 1 test.
<end of output>
Test time =   0.05 sec
----------------------------------------------------------
Test Passed.
"RedisLiteToLowerTest.ConvertUpperCase" end time: Jul 01 12:26 India Standard Time
"RedisLiteToLowerTest.ConvertUpperCase" time elapsed: 00:00:00
----------------------------------------------------------

2/135 Testing: RedisLiteToLowerTest.MixedCase
2/135 Test: RedisLiteToLowerTest.MixedCase
Command: "D:/Git pull/STL-Library/build/Tests.exe" "--gtest_filter=RedisLiteToLowerTest.MixedCase" "--gtest_also_run_disabled_tests"
Directory: D:/Git pull/STL-Library/build
"RedisLiteToLowerTest.MixedCase" start time: Jul 01 12:26 India Standard Time
Output:
----------------------------------------------------------
Note: Google Test filter = RedisLiteToLowerTest.MixedCase
[==========] Running 1 test from 1 test suite.
[----------] Global test environment set-up.
[----------] 1 test from RedisLiteToLowerTest
[ RUN      ] RedisLiteToLowerTest.MixedCase
[       OK ] RedisLiteToLowerTest.MixedCase (0 ms)
[----------] 1 test from RedisLiteToLowerTest (0 ms total)

[----------] Global test environment tear-down
[==========] 1 test from 1 test suite ran. (0 ms total)
[  PASSED  ] 1 test.
<end of output>
Test time =   0.05 sec
----------------------------------------------------------
Test Passed.
"RedisLiteToLowerTest.MixedCase" end time: Jul 01 12:26 India Standard Time
"RedisLiteToLowerTest.MixedCase" time elapsed: 00:00:00
----------------------------------------------------------

3/135 Testing: RedisLiteToLowerTest.AlreadyLowerCase
3/135 Test: RedisLiteToLowerTest.AlreadyLowerCase
Command: "D:/Git pull/STL-Library/build/Tests.exe" "--gtest_filter=RedisLiteToLowerTest.AlreadyLowerCase" "--gtest_also_run_disabled_tests"
Directory: D:/Git pull/STL-Library/build
"RedisLiteToLowerTest.AlreadyLowerCase" start time: Jul 01 12:26 India Standard Time
Output:
----------------------------------------------------------
Note: Google Test filter = RedisLiteToLowerTest.AlreadyLowerCase
[==========] Running 1 test from 1 test suite.
[----------] Global test environment set-up.
[----------] 1 test from RedisLiteToLowerTest
[ RUN      ] RedisLiteToLowerTest.AlreadyLowerCase
[       OK ] RedisLiteToLowerTest.AlreadyLowerCase (0 ms)
[----------] 1 test from RedisLiteToLowerTest (0 ms total)

[----------] Global test environment tear-down
[==========] 1 test from 1 test suite ran. (0 ms total)
[  PASSED  ] 1 test.
<end of output>
Test time =   0.04 sec
----------------------------------------------------------
Test Passed.
"RedisLiteToLowerTest.AlreadyLowerCase" end time: Jul 01 12:26 India Standard Time
"RedisLiteToLowerTest.AlreadyLowerCase" time elapsed: 00:00:00
----------------------------------------------------------

4/135 Testing: RedisLiteSizeTest.EmptyDatabase
4/135 Test: RedisLiteSizeTest.EmptyDatabase
Command: "D:/Git pull/STL-Library/build/Tests.exe" "--gtest_filter=RedisLiteSizeTest.EmptyDatabase" "--gtest_also_run_disabled_tests"
Directory: D:/Git pull/STL-Library/build
"RedisLiteSizeTest.EmptyDatabase" start time: Jul 01 12:26 India Standard Time
Output:
----------------------------------------------------------
Note: Google Test filter = RedisLiteSizeTest.EmptyDatabase
[==========] Running 1 test from 1 test suite.
[----------] Global test environment set-up.
[----------] 1 test from RedisLiteSizeTest
[ RUN      ] RedisLiteSizeTest.EmptyDatabase
0
[       OK ] RedisLiteSizeTest.EmptyDatabase (0 ms)
[----------] 1 test from RedisLiteSizeTest (0 ms total)

[----------] Global test environment tear-down
[==========] 1 test from 1 test suite ran. (0 ms total)
[  PASSED  ] 1 test.
<end of output>
Test time =   0.04 sec
----------------------------------------------------------
Test Passed.
"RedisLiteSizeTest.EmptyDatabase" end time: Jul 01 12:26 India Standard Time
"RedisLiteSizeTest.EmptyDatabase" time elapsed: 00:00:00
----------------------------------------------------------

5/135 Testing: RedisLiteSizeTest.AfterInsertion
5/135 Test: RedisLiteSizeTest.AfterInsertion
Command: "D:/Git pull/STL-Library/build/Tests.exe" "--gtest_filter=RedisLiteSizeTest.AfterInsertion" "--gtest_also_run_disabled_tests"
Directory: D:/Git pull/STL-Library/build
"RedisLiteSizeTest.AfterInsertion" start time: Jul 01 12:26 India Standard Time
Output:
----------------------------------------------------------
Note: Google Test filter = RedisLiteSizeTest.AfterInsertion
[==========] Running 1 test from 1 test suite.
[----------] Global test environment set-up.
[----------] 1 test from RedisLiteSizeTest
[ RUN      ] RedisLiteSizeTest.AfterInsertion
Ok
Ok
2
[       OK ] RedisLiteSizeTest.AfterInsertion (0 ms)
[----------] 1 test from RedisLiteSizeTest (0 ms total)

[----------] Global test environment tear-down
[==========] 1 test from 1 test suite ran. (0 ms total)
[  PASSED  ] 1 test.
<end of output>
Test time =   0.04 sec
----------------------------------------------------------
Test Passed.
"RedisLiteSizeTest.AfterInsertion" end time: Jul 01 12:26 India Standard Time
"RedisLiteSizeTest.AfterInsertion" time elapsed: 00:00:00
----------------------------------------------------------

6/135 Testing: RedisLiteSizeTest.AfterDeletion
6/135 Test: RedisLiteSizeTest.AfterDeletion
Command: "D:/Git pull/STL-Library/build/Tests.exe" "--gtest_filter=RedisLiteSizeTest.AfterDeletion" "--gtest_also_run_disabled_tests"
Directory: D:/Git pull/STL-Library/build
"RedisLiteSizeTest.AfterDeletion" start time: Jul 01 12:26 India Standard Time
Output:
----------------------------------------------------------
Note: Google Test filter = RedisLiteSizeTest.AfterDeletion
[==========] Running 1 test from 1 test suite.
[----------] Global test environment set-up.
[----------] 1 test from RedisLiteSizeTest
[ RUN      ] RedisLiteSizeTest.AfterDeletion
Ok
Ok
Removed
1
[       OK ] RedisLiteSizeTest.AfterDeletion (0 ms)
[----------] 1 test from RedisLiteSizeTest (0 ms total)

[----------] Global test environment tear-down
[==========] 1 test from 1 test suite ran. (0 ms total)
[  PASSED  ] 1 test.
<end of output>
Test time =   0.04 sec
----------------------------------------------------------
Test Passed.
"RedisLiteSizeTest.AfterDeletion" end time: Jul 01 12:26 India Standard Time
"RedisLiteSizeTest.AfterDeletion" time elapsed: 00:00:00
----------------------------------------------------------

7/135 Testing: RedisLiteGetTest.ExistingKey
7/135 Test: RedisLiteGetTest.ExistingKey
Command: "D:/Git pull/STL-Library/build/Tests.exe" "--gtest_filter=RedisLiteGetTest.ExistingKey" "--gtest_also_run_disabled_tests"
Directory: D:/Git pull/STL-Library/build
"RedisLiteGetTest.ExistingKey" start time: Jul 01 12:26 India Standard Time
Output:
----------------------------------------------------------
Note: Google Test filter = RedisLiteGetTest.ExistingKey
[==========] Running 1 test from 1 test suite.
[----------] Global test environment set-up.
[----------] 1 test from RedisLiteGetTest
[ RUN      ] RedisLiteGetTest.ExistingKey
Ok
Nilesh
[       OK ] RedisLiteGetTest.ExistingKey (0 ms)
[----------] 1 test from RedisLiteGetTest (0 ms total)

[----------] Global test environment tear-down
[==========] 1 test from 1 test suite ran. (0 ms total)
[  PASSED  ] 1 test.
<end of output>
Test time =   0.04 sec
----------------------------------------------------------
Test Passed.
"RedisLiteGetTest.ExistingKey" end time: Jul 01 12:26 India Standard Time
"RedisLiteGetTest.ExistingKey" time elapsed: 00:00:00
----------------------------------------------------------

8/135 Testing: RedisLiteGetTest.NonExistingKey
8/135 Test: RedisLiteGetTest.NonExistingKey
Command: "D:/Git pull/STL-Library/build/Tests.exe" "--gtest_filter=RedisLiteGetTest.NonExistingKey" "--gtest_also_run_disabled_tests"
Directory: D:/Git pull/STL-Library/build
"RedisLiteGetTest.NonExistingKey" start time: Jul 01 12:26 India Standard Time
Output:
----------------------------------------------------------
Note: Google Test filter = RedisLiteGetTest.NonExistingKey
[==========] Running 1 test from 1 test suite.
[----------] Global test environment set-up.
[----------] 1 test from RedisLiteGetTest
[ RUN      ] RedisLiteGetTest.NonExistingKey
Key not found!
[       OK ] RedisLiteGetTest.NonExistingKey (0 ms)
[----------] 1 test from RedisLiteGetTest (0 ms total)

[----------] Global test environment tear-down
[==========] 1 test from 1 test suite ran. (0 ms total)
[  PASSED  ] 1 test.
<end of output>
Test time =   0.04 sec
----------------------------------------------------------
Test Passed.
"RedisLiteGetTest.NonExistingKey" end time: Jul 01 12:26 India Standard Time
"RedisLiteGetTest.NonExistingKey" time elapsed: 00:00:00
----------------------------------------------------------

9/135 Testing: RedisLiteExistsTest.NonExistingKey
9/135 Test: RedisLiteExistsTest.NonExistingKey
Command: "D:/Git pull/STL-Library/build/Tests.exe" "--gtest_filter=RedisLiteExistsTest.NonExistingKey" "--gtest_also_run_disabled_tests"
Directory: D:/Git pull/STL-Library/build
"RedisLiteExistsTest.NonExistingKey" start time: Jul 01 12:26 India Standard Time
Output:
----------------------------------------------------------
Note: Google Test filter = RedisLiteExistsTest.NonExistingKey
[==========] Running 1 test from 1 test suite.
[----------] Global test environment set-up.
[----------] 1 test from RedisLiteExistsTest
[ RUN      ] RedisLiteExistsTest.NonExistingKey
Not exists
[       OK ] RedisLiteExistsTest.NonExistingKey (0 ms)
[----------] 1 test from RedisLiteExistsTest (0 ms total)

[----------] Global test environment tear-down
[==========] 1 test from 1 test suite ran. (0 ms total)
[  PASSED  ] 1 test.
<end of output>
Test time =   0.04 sec
----------------------------------------------------------
Test Passed.
"RedisLiteExistsTest.NonExistingKey" end time: Jul 01 12:26 India Standard Time
"RedisLiteExistsTest.NonExistingKey" time elapsed: 00:00:00
----------------------------------------------------------

10/135 Testing: RedisLiteExistsTest.ExistingKey
10/135 Test: RedisLiteExistsTest.ExistingKey
Command: "D:/Git pull/STL-Library/build/Tests.exe" "--gtest_filter=RedisLiteExistsTest.ExistingKey" "--gtest_also_run_disabled_tests"
Directory: D:/Git pull/STL-Library/build
"RedisLiteExistsTest.ExistingKey" start time: Jul 01 12:26 India Standard Time
Output:
----------------------------------------------------------
Note: Google Test filter = RedisLiteExistsTest.ExistingKey
[==========] Running 1 test from 1 test suite.
[----------] Global test environment set-up.
[----------] 1 test from RedisLiteExistsTest
[ RUN      ] RedisLiteExistsTest.ExistingKey
Ok
exists
[       OK ] RedisLiteExistsTest.ExistingKey (0 ms)
[----------] 1 test from RedisLiteExistsTest (0 ms total)

[----------] Global test environment tear-down
[==========] 1 test from 1 test suite ran. (0 ms total)
[  PASSED  ] 1 test.
<end of output>
Test time =   0.04 sec
----------------------------------------------------------
Test Passed.
"RedisLiteExistsTest.ExistingKey" end time: Jul 01 12:26 India Standard Time
"RedisLiteExistsTest.ExistingKey" time elapsed: 00:00:00
----------------------------------------------------------

11/135 Testing: RedisLiteDeleteTest.DeleteExistingKey
11/135 Test: RedisLiteDeleteTest.DeleteExistingKey
Command: "D:/Git pull/STL-Library/build/Tests.exe" "--gtest_filter=RedisLiteDeleteTest.DeleteExistingKey" "--gtest_also_run_disabled_tests"
Directory: D:/Git pull/STL-Library/build
"RedisLiteDeleteTest.DeleteExistingKey" start time: Jul 01 12:26 India Standard Time
Output:
----------------------------------------------------------
Note: Google Test filter = RedisLiteDeleteTest.DeleteExistingKey
[==========] Running 1 test from 1 test suite.
[----------] Global test environment set-up.
[----------] 1 test from RedisLiteDeleteTest
[ RUN      ] RedisLiteDeleteTest.DeleteExistingKey
Ok
Removed
Not exists
0
[       OK ] RedisLiteDeleteTest.DeleteExistingKey (0 ms)
[----------] 1 test from RedisLiteDeleteTest (0 ms total)

[----------] Global test environment tear-down
[==========] 1 test from 1 test suite ran. (0 ms total)
[  PASSED  ] 1 test.
<end of output>
Test time =   0.04 sec
----------------------------------------------------------
Test Passed.
"RedisLiteDeleteTest.DeleteExistingKey" end time: Jul 01 12:26 India Standard Time
"RedisLiteDeleteTest.DeleteExistingKey" time elapsed: 00:00:00
----------------------------------------------------------

12/135 Testing: RedisLiteDeleteTest.DeleteNonExistingKey
12/135 Test: RedisLiteDeleteTest.DeleteNonExistingKey
Command: "D:/Git pull/STL-Library/build/Tests.exe" "--gtest_filter=RedisLiteDeleteTest.DeleteNonExistingKey" "--gtest_also_run_disabled_tests"
Directory: D:/Git pull/STL-Library/build
"RedisLiteDeleteTest.DeleteNonExistingKey" start time: Jul 01 12:26 India Standard Time
Output:
----------------------------------------------------------
Note: Google Test filter = RedisLiteDeleteTest.DeleteNonExistingKey
[==========] Running 1 test from 1 test suite.
[----------] Global test environment set-up.
[----------] 1 test from RedisLiteDeleteTest
[ RUN      ] RedisLiteDeleteTest.DeleteNonExistingKey
Key not found! 
[       OK ] RedisLiteDeleteTest.DeleteNonExistingKey (0 ms)
[----------] 1 test from RedisLiteDeleteTest (0 ms total)

[----------] Global test environment tear-down
[==========] 1 test from 1 test suite ran. (0 ms total)
[  PASSED  ] 1 test.
<end of output>
Test time =   0.05 sec
----------------------------------------------------------
Test Passed.
"RedisLiteDeleteTest.DeleteNonExistingKey" end time: Jul 01 12:26 India Standard Time
"RedisLiteDeleteTest.DeleteNonExistingKey" time elapsed: 00:00:00
----------------------------------------------------------

13/135 Testing: RedisLiteClearTest.ClearDatabase
13/135 Test: RedisLiteClearTest.ClearDatabase
Command: "D:/Git pull/STL-Library/build/Tests.exe" "--gtest_filter=RedisLiteClearTest.ClearDatabase" "--gtest_also_run_disabled_tests"
Directory: D:/Git pull/STL-Library/build
"RedisLiteClearTest.ClearDatabase" start time: Jul 01 12:26 India Standard Time
Output:
----------------------------------------------------------
Note: Google Test filter = RedisLiteClearTest.ClearDatabase
[==========] Running 1 test from 1 test suite.
[----------] Global test environment set-up.
[----------] 1 test from RedisLiteClearTest
[ RUN      ] RedisLiteClearTest.ClearDatabase
Ok
Ok
Ok0
[       OK ] RedisLiteClearTest.ClearDatabase (0 ms)
[----------] 1 test from RedisLiteClearTest (0 ms total)

[----------] Global test environment tear-down
[==========] 1 test from 1 test suite ran. (0 ms total)
[  PASSED  ] 1 test.
<end of output>
Test time =   0.04 sec
----------------------------------------------------------
Test Passed.
"RedisLiteClearTest.ClearDatabase" end time: Jul 01 12:26 India Standard Time
"RedisLiteClearTest.ClearDatabase" time elapsed: 00:00:00
----------------------------------------------------------

14/135 Testing: RedisLiteClearTest.ClearEmptyDatabase
14/135 Test: RedisLiteClearTest.ClearEmptyDatabase
Command: "D:/Git pull/STL-Library/build/Tests.exe" "--gtest_filter=RedisLiteClearTest.ClearEmptyDatabase" "--gtest_also_run_disabled_tests"
Directory: D:/Git pull/STL-Library/build
"RedisLiteClearTest.ClearEmptyDatabase" start time: Jul 01 12:26 India Standard Time
Output:
----------------------------------------------------------
Note: Google Test filter = RedisLiteClearTest.ClearEmptyDatabase
[==========] Running 1 test from 1 test suite.
[----------] Global test environment set-up.
[----------] 1 test from RedisLiteClearTest
[ RUN      ] RedisLiteClearTest.ClearEmptyDatabase
Ok0
[       OK ] RedisLiteClearTest.ClearEmptyDatabase (0 ms)
[----------] 1 test from RedisLiteClearTest (0 ms total)

[----------] Global test environment tear-down
[==========] 1 test from 1 test suite ran. (0 ms total)
[  PASSED  ] 1 test.
<end of output>
Test time =   0.04 sec
----------------------------------------------------------
Test Passed.
"RedisLiteClearTest.ClearEmptyDatabase" end time: Jul 01 12:26 India Standard Time
"RedisLiteClearTest.ClearEmptyDatabase" time elapsed: 00:00:00
----------------------------------------------------------

15/135 Testing: RedisLiteSetTest.SetSingleKey
15/135 Test: RedisLiteSetTest.SetSingleKey
Command: "D:/Git pull/STL-Library/build/Tests.exe" "--gtest_filter=RedisLiteSetTest.SetSingleKey" "--gtest_also_run_disabled_tests"
Directory: D:/Git pull/STL-Library/build
"RedisLiteSetTest.SetSingleKey" start time: Jul 01 12:26 India Standard Time
Output:
----------------------------------------------------------
Note: Google Test filter = RedisLiteSetTest.SetSingleKey
[==========] Running 1 test from 1 test suite.
[----------] Global test environment set-up.
[----------] 1 test from RedisLiteSetTest
[ RUN      ] RedisLiteSetTest.SetSingleKey
Ok
1
exists
[       OK ] RedisLiteSetTest.SetSingleKey (0 ms)
[----------] 1 test from RedisLiteSetTest (0 ms total)

[----------] Global test environment tear-down
[==========] 1 test from 1 test suite ran. (0 ms total)
[  PASSED  ] 1 test.
<end of output>
Test time =   0.04 sec
----------------------------------------------------------
Test Passed.
"RedisLiteSetTest.SetSingleKey" end time: Jul 01 12:26 India Standard Time
"RedisLiteSetTest.SetSingleKey" time elapsed: 00:00:00
----------------------------------------------------------

16/135 Testing: RedisLiteSetTest.SetMultipleKeys
16/135 Test: RedisLiteSetTest.SetMultipleKeys
Command: "D:/Git pull/STL-Library/build/Tests.exe" "--gtest_filter=RedisLiteSetTest.SetMultipleKeys" "--gtest_also_run_disabled_tests"
Directory: D:/Git pull/STL-Library/build
"RedisLiteSetTest.SetMultipleKeys" start time: Jul 01 12:26 India Standard Time
Output:
----------------------------------------------------------
Note: Google Test filter = RedisLiteSetTest.SetMultipleKeys
[==========] Running 1 test from 1 test suite.
[----------] Global test environment set-up.
[----------] 1 test from RedisLiteSetTest
[ RUN      ] RedisLiteSetTest.SetMultipleKeys
Ok
Ok
Ok
3
[       OK ] RedisLiteSetTest.SetMultipleKeys (0 ms)
[----------] 1 test from RedisLiteSetTest (0 ms total)

[----------] Global test environment tear-down
[==========] 1 test from 1 test suite ran. (0 ms total)
[  PASSED  ] 1 test.
<end of output>
Test time =   0.04 sec
----------------------------------------------------------
Test Passed.
"RedisLiteSetTest.SetMultipleKeys" end time: Jul 01 12:26 India Standard Time
"RedisLiteSetTest.SetMultipleKeys" time elapsed: 00:00:00
----------------------------------------------------------

17/135 Testing: RedisLiteSetTest.UpdateExistingKey
17/135 Test: RedisLiteSetTest.UpdateExistingKey
Command: "D:/Git pull/STL-Library/build/Tests.exe" "--gtest_filter=RedisLiteSetTest.UpdateExistingKey" "--gtest_also_run_disabled_tests"
Directory: D:/Git pull/STL-Library/build
"RedisLiteSetTest.UpdateExistingKey" start time: Jul 01 12:26 India Standard Time
Output:
----------------------------------------------------------
Note: Google Test filter = RedisLiteSetTest.UpdateExistingKey
[==========] Running 1 test from 1 test suite.
[----------] Global test environment set-up.
[----------] 1 test from RedisLiteSetTest
[ RUN      ] RedisLiteSetTest.UpdateExistingKey
Ok
Ok
1
exists
[       OK ] RedisLiteSetTest.UpdateExistingKey (0 ms)
[----------] 1 test from RedisLiteSetTest (0 ms total)

[----------] Global test environment tear-down
[==========] 1 test from 1 test suite ran. (0 ms total)
[  PASSED  ] 1 test.
<end of output>
Test time =   0.04 sec
----------------------------------------------------------
Test Passed.
"RedisLiteSetTest.UpdateExistingKey" end time: Jul 01 12:26 India Standard Time
"RedisLiteSetTest.UpdateExistingKey" time elapsed: 00:00:00
----------------------------------------------------------

18/135 Testing: RedisLiteConstructorTest.DefaultConstructor
18/135 Test: RedisLiteConstructorTest.DefaultConstructor
Command: "D:/Git pull/STL-Library/build/Tests.exe" "--gtest_filter=RedisLiteConstructorTest.DefaultConstructor" "--gtest_also_run_disabled_tests"
Directory: D:/Git pull/STL-Library/build
"RedisLiteConstructorTest.DefaultConstructor" start time: Jul 01 12:26 India Standard Time
Output:
----------------------------------------------------------
Note: Google Test filter = RedisLiteConstructorTest.DefaultConstructor
[==========] Running 1 test from 1 test suite.
[----------] Global test environment set-up.
[----------] 1 test from RedisLiteConstructorTest
[ RUN      ] RedisLiteConstructorTest.DefaultConstructor
0
[       OK ] RedisLiteConstructorTest.DefaultConstructor (0 ms)
[----------] 1 test from RedisLiteConstructorTest (0 ms total)

[----------] Global test environment tear-down
[==========] 1 test from 1 test suite ran. (0 ms total)
[  PASSED  ] 1 test.
<end of output>
Test time =   0.05 sec
----------------------------------------------------------
Test Passed.
"RedisLiteConstructorTest.DefaultConstructor" end time: Jul 01 12:26 India Standard Time
"RedisLiteConstructorTest.DefaultConstructor" time elapsed: 00:00:00
----------------------------------------------------------

19/135 Testing: HashMapGetTest.GetSingleElement
19/135 Test: HashMapGetTest.GetSingleElement
Command: "D:/Git pull/STL-Library/build/Tests.exe" "--gtest_filter=HashMapGetTest.GetSingleElement" "--gtest_also_run_disabled_tests"
Directory: D:/Git pull/STL-Library/build
"HashMapGetTest.GetSingleElement" start time: Jul 01 12:26 India Standard Time
Output:
----------------------------------------------------------
Note: Google Test filter = HashMapGetTest.GetSingleElement
[==========] Running 1 test from 1 test suite.
[----------] Global test environment set-up.
[----------] 1 test from HashMapGetTest
[ RUN      ] HashMapGetTest.GetSingleElement
[       OK ] HashMapGetTest.GetSingleElement (0 ms)
[----------] 1 test from HashMapGetTest (0 ms total)

[----------] Global test environment tear-down
[==========] 1 test from 1 test suite ran. (0 ms total)
[  PASSED  ] 1 test.
<end of output>
Test time =   0.04 sec
----------------------------------------------------------
Test Passed.
"HashMapGetTest.GetSingleElement" end time: Jul 01 12:26 India Standard Time
"HashMapGetTest.GetSingleElement" time elapsed: 00:00:00
----------------------------------------------------------

20/135 Testing: HashMapGetTest.GetMultipleElements
20/135 Test: HashMapGetTest.GetMultipleElements
Command: "D:/Git pull/STL-Library/build/Tests.exe" "--gtest_filter=HashMapGetTest.GetMultipleElements" "--gtest_also_run_disabled_tests"
Directory: D:/Git pull/STL-Library/build
"HashMapGetTest.GetMultipleElements" start time: Jul 01 12:26 India Standard Time
Output:
----------------------------------------------------------
Note: Google Test filter = HashMapGetTest.GetMultipleElements
[==========] Running 1 test from 1 test suite.
[----------] Global test environment set-up.
[----------] 1 test from HashMapGetTest
[ RUN      ] HashMapGetTest.GetMultipleElements
[       OK ] HashMapGetTest.GetMultipleElements (0 ms)
[----------] 1 test from HashMapGetTest (0 ms total)

[----------] Global test environment tear-down
[==========] 1 test from 1 test suite ran. (0 ms total)
[  PASSED  ] 1 test.
<end of output>
Test time =   0.04 sec
----------------------------------------------------------
Test Passed.
"HashMapGetTest.GetMultipleElements" end time: Jul 01 12:26 India Standard Time
"HashMapGetTest.GetMultipleElements" time elapsed: 00:00:00
----------------------------------------------------------

21/135 Testing: HashMapGetTest.GetUpdatedValue
21/135 Test: HashMapGetTest.GetUpdatedValue
Command: "D:/Git pull/STL-Library/build/Tests.exe" "--gtest_filter=HashMapGetTest.GetUpdatedValue" "--gtest_also_run_disabled_tests"
Directory: D:/Git pull/STL-Library/build
"HashMapGetTest.GetUpdatedValue" start time: Jul 01 12:26 India Standard Time
Output:
----------------------------------------------------------
Note: Google Test filter = HashMapGetTest.GetUpdatedValue
[==========] Running 1 test from 1 test suite.
[----------] Global test environment set-up.
[----------] 1 test from HashMapGetTest
[ RUN      ] HashMapGetTest.GetUpdatedValue
[       OK ] HashMapGetTest.GetUpdatedValue (0 ms)
[----------] 1 test from HashMapGetTest (0 ms total)

[----------] Global test environment tear-down
[==========] 1 test from 1 test suite ran. (0 ms total)
[  PASSED  ] 1 test.
<end of output>
Test time =   0.05 sec
----------------------------------------------------------
Test Passed.
"HashMapGetTest.GetUpdatedValue" end time: Jul 01 12:26 India Standard Time
"HashMapGetTest.GetUpdatedValue" time elapsed: 00:00:00
----------------------------------------------------------

22/135 Testing: HashMapGetTest.GetNegativeKey
22/135 Test: HashMapGetTest.GetNegativeKey
Command: "D:/Git pull/STL-Library/build/Tests.exe" "--gtest_filter=HashMapGetTest.GetNegativeKey" "--gtest_also_run_disabled_tests"
Directory: D:/Git pull/STL-Library/build
"HashMapGetTest.GetNegativeKey" start time: Jul 01 12:26 India Standard Time
Output:
----------------------------------------------------------
Note: Google Test filter = HashMapGetTest.GetNegativeKey
[==========] Running 1 test from 1 test suite.
[----------] Global test environment set-up.
[----------] 1 test from HashMapGetTest
[ RUN      ] HashMapGetTest.GetNegativeKey
[       OK ] HashMapGetTest.GetNegativeKey (0 ms)
[----------] 1 test from HashMapGetTest (0 ms total)

[----------] Global test environment tear-down
[==========] 1 test from 1 test suite ran. (0 ms total)
[  PASSED  ] 1 test.
<end of output>
Test time =   0.04 sec
----------------------------------------------------------
Test Passed.
"HashMapGetTest.GetNegativeKey" end time: Jul 01 12:26 India Standard Time
"HashMapGetTest.GetNegativeKey" time elapsed: 00:00:00
----------------------------------------------------------

23/135 Testing: HashMapGetTest.GetZeroKey
23/135 Test: HashMapGetTest.GetZeroKey
Command: "D:/Git pull/STL-Library/build/Tests.exe" "--gtest_filter=HashMapGetTest.GetZeroKey" "--gtest_also_run_disabled_tests"
Directory: D:/Git pull/STL-Library/build
"HashMapGetTest.GetZeroKey" start time: Jul 01 12:26 India Standard Time
Output:
----------------------------------------------------------
Note: Google Test filter = HashMapGetTest.GetZeroKey
[==========] Running 1 test from 1 test suite.
[----------] Global test environment set-up.
[----------] 1 test from HashMapGetTest
[ RUN      ] HashMapGetTest.GetZeroKey
[       OK ] HashMapGetTest.GetZeroKey (0 ms)
[----------] 1 test from HashMapGetTest (0 ms total)

[----------] Global test environment tear-down
[==========] 1 test from 1 test suite ran. (0 ms total)
[  PASSED  ] 1 test.
<end of output>
Test time =   0.04 sec
----------------------------------------------------------
Test Passed.
"HashMapGetTest.GetZeroKey" end time: Jul 01 12:26 India Standard Time
"HashMapGetTest.GetZeroKey" time elapsed: 00:00:00
----------------------------------------------------------

24/135 Testing: HashMapGetTest.GetStringKey
24/135 Test: HashMapGetTest.GetStringKey
Command: "D:/Git pull/STL-Library/build/Tests.exe" "--gtest_filter=HashMapGetTest.GetStringKey" "--gtest_also_run_disabled_tests"
Directory: D:/Git pull/STL-Library/build
"HashMapGetTest.GetStringKey" start time: Jul 01 12:26 India Standard Time
Output:
----------------------------------------------------------
Note: Google Test filter = HashMapGetTest.GetStringKey
[==========] Running 1 test from 1 test suite.
[----------] Global test environment set-up.
[----------] 1 test from HashMapGetTest
[ RUN      ] HashMapGetTest.GetStringKey
[       OK ] HashMapGetTest.GetStringKey (0 ms)
[----------] 1 test from HashMapGetTest (0 ms total)

[----------] Global test environment tear-down
[==========] 1 test from 1 test suite ran. (0 ms total)
[  PASSED  ] 1 test.
<end of output>
Test time =   0.05 sec
----------------------------------------------------------
Test Passed.
"HashMapGetTest.GetStringKey" end time: Jul 01 12:26 India Standard Time
"HashMapGetTest.GetStringKey" time elapsed: 00:00:00
----------------------------------------------------------

25/135 Testing: HashMapGetTest.GetNonExistingKeyThrows
25/135 Test: HashMapGetTest.GetNonExistingKeyThrows
Command: "D:/Git pull/STL-Library/build/Tests.exe" "--gtest_filter=HashMapGetTest.GetNonExistingKeyThrows" "--gtest_also_run_disabled_tests"
Directory: D:/Git pull/STL-Library/build
"HashMapGetTest.GetNonExistingKeyThrows" start time: Jul 01 12:26 India Standard Time
Output:
----------------------------------------------------------
Note: Google Test filter = HashMapGetTest.GetNonExistingKeyThrows
[==========] Running 1 test from 1 test suite.
[----------] Global test environment set-up.
[----------] 1 test from HashMapGetTest
[ RUN      ] HashMapGetTest.GetNonExistingKeyThrows
[       OK ] HashMapGetTest.GetNonExistingKeyThrows (0 ms)
[----------] 1 test from HashMapGetTest (0 ms total)

[----------] Global test environment tear-down
[==========] 1 test from 1 test suite ran. (0 ms total)
[  PASSED  ] 1 test.
<end of output>
Test time =   0.05 sec
----------------------------------------------------------
Test Passed.
"HashMapGetTest.GetNonExistingKeyThrows" end time: Jul 01 12:26 India Standard Time
"HashMapGetTest.GetNonExistingKeyThrows" time elapsed: 00:00:00
----------------------------------------------------------

26/135 Testing: HashMapGetTest.GetAfterRemoveThrows
26/135 Test: HashMapGetTest.GetAfterRemoveThrows
Command: "D:/Git pull/STL-Library/build/Tests.exe" "--gtest_filter=HashMapGetTest.GetAfterRemoveThrows" "--gtest_also_run_disabled_tests"
Directory: D:/Git pull/STL-Library/build
"HashMapGetTest.GetAfterRemoveThrows" start time: Jul 01 12:26 India Standard Time
Output:
----------------------------------------------------------
Note: Google Test filter = HashMapGetTest.GetAfterRemoveThrows
[==========] Running 1 test from 1 test suite.
[----------] Global test environment set-up.
[----------] 1 test from HashMapGetTest
[ RUN      ] HashMapGetTest.GetAfterRemoveThrows
[       OK ] HashMapGetTest.GetAfterRemoveThrows (0 ms)
[----------] 1 test from HashMapGetTest (0 ms total)

[----------] Global test environment tear-down
[==========] 1 test from 1 test suite ran. (0 ms total)
[  PASSED  ] 1 test.
<end of output>
Test time =   0.04 sec
----------------------------------------------------------
Test Passed.
"HashMapGetTest.GetAfterRemoveThrows" end time: Jul 01 12:26 India Standard Time
"HashMapGetTest.GetAfterRemoveThrows" time elapsed: 00:00:00
----------------------------------------------------------

27/135 Testing: HashMapSizeTest.EmptyMapSizeIsZero
27/135 Test: HashMapSizeTest.EmptyMapSizeIsZero
Command: "D:/Git pull/STL-Library/build/Tests.exe" "--gtest_filter=HashMapSizeTest.EmptyMapSizeIsZero" "--gtest_also_run_disabled_tests"
Directory: D:/Git pull/STL-Library/build
"HashMapSizeTest.EmptyMapSizeIsZero" start time: Jul 01 12:26 India Standard Time
Output:
----------------------------------------------------------
Note: Google Test filter = HashMapSizeTest.EmptyMapSizeIsZero
[==========] Running 1 test from 1 test suite.
[----------] Global test environment set-up.
[----------] 1 test from HashMapSizeTest
[ RUN      ] HashMapSizeTest.EmptyMapSizeIsZero
[       OK ] HashMapSizeTest.EmptyMapSizeIsZero (0 ms)
[----------] 1 test from HashMapSizeTest (0 ms total)

[----------] Global test environment tear-down
[==========] 1 test from 1 test suite ran. (0 ms total)
[  PASSED  ] 1 test.
<end of output>
Test time =   0.05 sec
----------------------------------------------------------
Test Passed.
"HashMapSizeTest.EmptyMapSizeIsZero" end time: Jul 01 12:26 India Standard Time
"HashMapSizeTest.EmptyMapSizeIsZero" time elapsed: 00:00:00
----------------------------------------------------------

28/135 Testing: HashMapSizeTest.SizeAfterSingleInsert
28/135 Test: HashMapSizeTest.SizeAfterSingleInsert
Command: "D:/Git pull/STL-Library/build/Tests.exe" "--gtest_filter=HashMapSizeTest.SizeAfterSingleInsert" "--gtest_also_run_disabled_tests"
Directory: D:/Git pull/STL-Library/build
"HashMapSizeTest.SizeAfterSingleInsert" start time: Jul 01 12:26 India Standard Time
Output:
----------------------------------------------------------
Note: Google Test filter = HashMapSizeTest.SizeAfterSingleInsert
[==========] Running 1 test from 1 test suite.
[----------] Global test environment set-up.
[----------] 1 test from HashMapSizeTest
[ RUN      ] HashMapSizeTest.SizeAfterSingleInsert
[       OK ] HashMapSizeTest.SizeAfterSingleInsert (0 ms)
[----------] 1 test from HashMapSizeTest (0 ms total)

[----------] Global test environment tear-down
[==========] 1 test from 1 test suite ran. (0 ms total)
[  PASSED  ] 1 test.
<end of output>
Test time =   0.04 sec
----------------------------------------------------------
Test Passed.
"HashMapSizeTest.SizeAfterSingleInsert" end time: Jul 01 12:26 India Standard Time
"HashMapSizeTest.SizeAfterSingleInsert" time elapsed: 00:00:00
----------------------------------------------------------

29/135 Testing: HashMapSizeTest.SizeAfterMultipleInserts
29/135 Test: HashMapSizeTest.SizeAfterMultipleInserts
Command: "D:/Git pull/STL-Library/build/Tests.exe" "--gtest_filter=HashMapSizeTest.SizeAfterMultipleInserts" "--gtest_also_run_disabled_tests"
Directory: D:/Git pull/STL-Library/build
"HashMapSizeTest.SizeAfterMultipleInserts" start time: Jul 01 12:26 India Standard Time
Output:
----------------------------------------------------------
Note: Google Test filter = HashMapSizeTest.SizeAfterMultipleInserts
[==========] Running 1 test from 1 test suite.
[----------] Global test environment set-up.
[----------] 1 test from HashMapSizeTest
[ RUN      ] HashMapSizeTest.SizeAfterMultipleInserts
[       OK ] HashMapSizeTest.SizeAfterMultipleInserts (0 ms)
[----------] 1 test from HashMapSizeTest (0 ms total)

[----------] Global test environment tear-down
[==========] 1 test from 1 test suite ran. (0 ms total)
[  PASSED  ] 1 test.
<end of output>
Test time =   0.04 sec
----------------------------------------------------------
Test Passed.
"HashMapSizeTest.SizeAfterMultipleInserts" end time: Jul 01 12:26 India Standard Time
"HashMapSizeTest.SizeAfterMultipleInserts" time elapsed: 00:00:00
----------------------------------------------------------

30/135 Testing: HashMapSizeTest.DuplicateKeyDoesNotIncreaseSize
30/135 Test: HashMapSizeTest.DuplicateKeyDoesNotIncreaseSize
Command: "D:/Git pull/STL-Library/build/Tests.exe" "--gtest_filter=HashMapSizeTest.DuplicateKeyDoesNotIncreaseSize" "--gtest_also_run_disabled_tests"
Directory: D:/Git pull/STL-Library/build
"HashMapSizeTest.DuplicateKeyDoesNotIncreaseSize" start time: Jul 01 12:26 India Standard Time
Output:
----------------------------------------------------------
Note: Google Test filter = HashMapSizeTest.DuplicateKeyDoesNotIncreaseSize
[==========] Running 1 test from 1 test suite.
[----------] Global test environment set-up.
[----------] 1 test from HashMapSizeTest
[ RUN      ] HashMapSizeTest.DuplicateKeyDoesNotIncreaseSize
[       OK ] HashMapSizeTest.DuplicateKeyDoesNotIncreaseSize (0 ms)
[----------] 1 test from HashMapSizeTest (0 ms total)

[----------] Global test environment tear-down
[==========] 1 test from 1 test suite ran. (0 ms total)
[  PASSED  ] 1 test.
<end of output>
Test time =   0.04 sec
----------------------------------------------------------
Test Passed.
"HashMapSizeTest.DuplicateKeyDoesNotIncreaseSize" end time: Jul 01 12:26 India Standard Time
"HashMapSizeTest.DuplicateKeyDoesNotIncreaseSize" time elapsed: 00:00:00
----------------------------------------------------------

31/135 Testing: HashMapSizeTest.SizeAfterRemove
31/135 Test: HashMapSizeTest.SizeAfterRemove
Command: "D:/Git pull/STL-Library/build/Tests.exe" "--gtest_filter=HashMapSizeTest.SizeAfterRemove" "--gtest_also_run_disabled_tests"
Directory: D:/Git pull/STL-Library/build
"HashMapSizeTest.SizeAfterRemove" start time: Jul 01 12:26 India Standard Time
Output:
----------------------------------------------------------
Note: Google Test filter = HashMapSizeTest.SizeAfterRemove
[==========] Running 1 test from 1 test suite.
[----------] Global test environment set-up.
[----------] 1 test from HashMapSizeTest
[ RUN      ] HashMapSizeTest.SizeAfterRemove
[       OK ] HashMapSizeTest.SizeAfterRemove (0 ms)
[----------] 1 test from HashMapSizeTest (0 ms total)

[----------] Global test environment tear-down
[==========] 1 test from 1 test suite ran. (0 ms total)
[  PASSED  ] 1 test.
<end of output>
Test time =   0.04 sec
----------------------------------------------------------
Test Passed.
"HashMapSizeTest.SizeAfterRemove" end time: Jul 01 12:26 India Standard Time
"HashMapSizeTest.SizeAfterRemove" time elapsed: 00:00:00
----------------------------------------------------------

32/135 Testing: HashMapSizeTest.SizeAfterClear
32/135 Test: HashMapSizeTest.SizeAfterClear
Command: "D:/Git pull/STL-Library/build/Tests.exe" "--gtest_filter=HashMapSizeTest.SizeAfterClear" "--gtest_also_run_disabled_tests"
Directory: D:/Git pull/STL-Library/build
"HashMapSizeTest.SizeAfterClear" start time: Jul 01 12:26 India Standard Time
Output:
----------------------------------------------------------
Note: Google Test filter = HashMapSizeTest.SizeAfterClear
[==========] Running 1 test from 1 test suite.
[----------] Global test environment set-up.
[----------] 1 test from HashMapSizeTest
[ RUN      ] HashMapSizeTest.SizeAfterClear
[       OK ] HashMapSizeTest.SizeAfterClear (0 ms)
[----------] 1 test from HashMapSizeTest (0 ms total)

[----------] Global test environment tear-down
[==========] 1 test from 1 test suite ran. (0 ms total)
[  PASSED  ] 1 test.
<end of output>
Test time =   0.04 sec
----------------------------------------------------------
Test Passed.
"HashMapSizeTest.SizeAfterClear" end time: Jul 01 12:26 India Standard Time
"HashMapSizeTest.SizeAfterClear" time elapsed: 00:00:00
----------------------------------------------------------

33/135 Testing: HashMapCapacityTest.DefaultCapacity
33/135 Test: HashMapCapacityTest.DefaultCapacity
Command: "D:/Git pull/STL-Library/build/Tests.exe" "--gtest_filter=HashMapCapacityTest.DefaultCapacity" "--gtest_also_run_disabled_tests"
Directory: D:/Git pull/STL-Library/build
"HashMapCapacityTest.DefaultCapacity" start time: Jul 01 12:26 India Standard Time
Output:
----------------------------------------------------------
Note: Google Test filter = HashMapCapacityTest.DefaultCapacity
[==========] Running 1 test from 1 test suite.
[----------] Global test environment set-up.
[----------] 1 test from HashMapCapacityTest
[ RUN      ] HashMapCapacityTest.DefaultCapacity
[       OK ] HashMapCapacityTest.DefaultCapacity (0 ms)
[----------] 1 test from HashMapCapacityTest (0 ms total)

[----------] Global test environment tear-down
[==========] 1 test from 1 test suite ran. (0 ms total)
[  PASSED  ] 1 test.
<end of output>
Test time =   0.04 sec
----------------------------------------------------------
Test Passed.
"HashMapCapacityTest.DefaultCapacity" end time: Jul 01 12:26 India Standard Time
"HashMapCapacityTest.DefaultCapacity" time elapsed: 00:00:00
----------------------------------------------------------

34/135 Testing: HashMapCapacityTest.CustomCapacity
34/135 Test: HashMapCapacityTest.CustomCapacity
Command: "D:/Git pull/STL-Library/build/Tests.exe" "--gtest_filter=HashMapCapacityTest.CustomCapacity" "--gtest_also_run_disabled_tests"
Directory: D:/Git pull/STL-Library/build
"HashMapCapacityTest.CustomCapacity" start time: Jul 01 12:26 India Standard Time
Output:
----------------------------------------------------------
Note: Google Test filter = HashMapCapacityTest.CustomCapacity
[==========] Running 1 test from 1 test suite.
[----------] Global test environment set-up.
[----------] 1 test from HashMapCapacityTest
[ RUN      ] HashMapCapacityTest.CustomCapacity
[       OK ] HashMapCapacityTest.CustomCapacity (0 ms)
[----------] 1 test from HashMapCapacityTest (0 ms total)

[----------] Global test environment tear-down
[==========] 1 test from 1 test suite ran. (0 ms total)
[  PASSED  ] 1 test.
<end of output>
Test time =   0.04 sec
----------------------------------------------------------
Test Passed.
"HashMapCapacityTest.CustomCapacity" end time: Jul 01 12:26 India Standard Time
"HashMapCapacityTest.CustomCapacity" time elapsed: 00:00:00
----------------------------------------------------------

35/135 Testing: HashMapCapacityTest.CapacityAfterInsertWithoutRehash
35/135 Test: HashMapCapacityTest.CapacityAfterInsertWithoutRehash
Command: "D:/Git pull/STL-Library/build/Tests.exe" "--gtest_filter=HashMapCapacityTest.CapacityAfterInsertWithoutRehash" "--gtest_also_run_disabled_tests"
Directory: D:/Git pull/STL-Library/build
"HashMapCapacityTest.CapacityAfterInsertWithoutRehash" start time: Jul 01 12:26 India Standard Time
Output:
----------------------------------------------------------
Note: Google Test filter = HashMapCapacityTest.CapacityAfterInsertWithoutRehash
[==========] Running 1 test from 1 test suite.
[----------] Global test environment set-up.
[----------] 1 test from HashMapCapacityTest
[ RUN      ] HashMapCapacityTest.CapacityAfterInsertWithoutRehash
[       OK ] HashMapCapacityTest.CapacityAfterInsertWithoutRehash (0 ms)
[----------] 1 test from HashMapCapacityTest (0 ms total)

[----------] Global test environment tear-down
[==========] 1 test from 1 test suite ran. (0 ms total)
[  PASSED  ] 1 test.
<end of output>
Test time =   0.04 sec
----------------------------------------------------------
Test Passed.
"HashMapCapacityTest.CapacityAfterInsertWithoutRehash" end time: Jul 01 12:26 India Standard Time
"HashMapCapacityTest.CapacityAfterInsertWithoutRehash" time elapsed: 00:00:00
----------------------------------------------------------

36/135 Testing: HashMapCapacityTest.CapacityAfterRehash
36/135 Test: HashMapCapacityTest.CapacityAfterRehash
Command: "D:/Git pull/STL-Library/build/Tests.exe" "--gtest_filter=HashMapCapacityTest.CapacityAfterRehash" "--gtest_also_run_disabled_tests"
Directory: D:/Git pull/STL-Library/build
"HashMapCapacityTest.CapacityAfterRehash" start time: Jul 01 12:26 India Standard Time
Output:
----------------------------------------------------------
Note: Google Test filter = HashMapCapacityTest.CapacityAfterRehash
[==========] Running 1 test from 1 test suite.
[----------] Global test environment set-up.
[----------] 1 test from HashMapCapacityTest
[ RUN      ] HashMapCapacityTest.CapacityAfterRehash
[       OK ] HashMapCapacityTest.CapacityAfterRehash (0 ms)
[----------] 1 test from HashMapCapacityTest (0 ms total)

[----------] Global test environment tear-down
[==========] 1 test from 1 test suite ran. (0 ms total)
[  PASSED  ] 1 test.
<end of output>
Test time =   0.04 sec
----------------------------------------------------------
Test Passed.
"HashMapCapacityTest.CapacityAfterRehash" end time: Jul 01 12:26 India Standard Time
"HashMapCapacityTest.CapacityAfterRehash" time elapsed: 00:00:00
----------------------------------------------------------

37/135 Testing: HashMapRehashTest.CapacityDoublesAfterThreshold
37/135 Test: HashMapRehashTest.CapacityDoublesAfterThreshold
Command: "D:/Git pull/STL-Library/build/Tests.exe" "--gtest_filter=HashMapRehashTest.CapacityDoublesAfterThreshold" "--gtest_also_run_disabled_tests"
Directory: D:/Git pull/STL-Library/build
"HashMapRehashTest.CapacityDoublesAfterThreshold" start time: Jul 01 12:26 India Standard Time
Output:
----------------------------------------------------------
Note: Google Test filter = HashMapRehashTest.CapacityDoublesAfterThreshold
[==========] Running 1 test from 1 test suite.
[----------] Global test environment set-up.
[----------] 1 test from HashMapRehashTest
[ RUN      ] HashMapRehashTest.CapacityDoublesAfterThreshold
[       OK ] HashMapRehashTest.CapacityDoublesAfterThreshold (0 ms)
[----------] 1 test from HashMapRehashTest (0 ms total)

[----------] Global test environment tear-down
[==========] 1 test from 1 test suite ran. (0 ms total)
[  PASSED  ] 1 test.
<end of output>
Test time =   0.04 sec
----------------------------------------------------------
Test Passed.
"HashMapRehashTest.CapacityDoublesAfterThreshold" end time: Jul 01 12:26 India Standard Time
"HashMapRehashTest.CapacityDoublesAfterThreshold" time elapsed: 00:00:00
----------------------------------------------------------

38/135 Testing: HashMapRehashTest.AllElementsRemainAfterRehash
38/135 Test: HashMapRehashTest.AllElementsRemainAfterRehash
Command: "D:/Git pull/STL-Library/build/Tests.exe" "--gtest_filter=HashMapRehashTest.AllElementsRemainAfterRehash" "--gtest_also_run_disabled_tests"
Directory: D:/Git pull/STL-Library/build
"HashMapRehashTest.AllElementsRemainAfterRehash" start time: Jul 01 12:26 India Standard Time
Output:
----------------------------------------------------------
Note: Google Test filter = HashMapRehashTest.AllElementsRemainAfterRehash
[==========] Running 1 test from 1 test suite.
[----------] Global test environment set-up.
[----------] 1 test from HashMapRehashTest
[ RUN      ] HashMapRehashTest.AllElementsRemainAfterRehash
[       OK ] HashMapRehashTest.AllElementsRemainAfterRehash (0 ms)
[----------] 1 test from HashMapRehashTest (0 ms total)

[----------] Global test environment tear-down
[==========] 1 test from 1 test suite ran. (0 ms total)
[  PASSED  ] 1 test.
<end of output>
Test time =   0.04 sec
----------------------------------------------------------
Test Passed.
"HashMapRehashTest.AllElementsRemainAfterRehash" end time: Jul 01 12:26 India Standard Time
"HashMapRehashTest.AllElementsRemainAfterRehash" time elapsed: 00:00:00
----------------------------------------------------------

39/135 Testing: HashMapRehashTest.LoadFactorAfterRehash
39/135 Test: HashMapRehashTest.LoadFactorAfterRehash
Command: "D:/Git pull/STL-Library/build/Tests.exe" "--gtest_filter=HashMapRehashTest.LoadFactorAfterRehash" "--gtest_also_run_disabled_tests"
Directory: D:/Git pull/STL-Library/build
"HashMapRehashTest.LoadFactorAfterRehash" start time: Jul 01 12:26 India Standard Time
Output:
----------------------------------------------------------
Note: Google Test filter = HashMapRehashTest.LoadFactorAfterRehash
[==========] Running 1 test from 1 test suite.
[----------] Global test environment set-up.
[----------] 1 test from HashMapRehashTest
[ RUN      ] HashMapRehashTest.LoadFactorAfterRehash
[       OK ] HashMapRehashTest.LoadFactorAfterRehash (0 ms)
[----------] 1 test from HashMapRehashTest (0 ms total)

[----------] Global test environment tear-down
[==========] 1 test from 1 test suite ran. (0 ms total)
[  PASSED  ] 1 test.
<end of output>
Test time =   0.05 sec
----------------------------------------------------------
Test Passed.
"HashMapRehashTest.LoadFactorAfterRehash" end time: Jul 01 12:26 India Standard Time
"HashMapRehashTest.LoadFactorAfterRehash" time elapsed: 00:00:00
----------------------------------------------------------

40/135 Testing: HashMapRehashTest.DuplicateKeyDoesNotTriggerExtraRehash
40/135 Test: HashMapRehashTest.DuplicateKeyDoesNotTriggerExtraRehash
Command: "D:/Git pull/STL-Library/build/Tests.exe" "--gtest_filter=HashMapRehashTest.DuplicateKeyDoesNotTriggerExtraRehash" "--gtest_also_run_disabled_tests"
Directory: D:/Git pull/STL-Library/build
"HashMapRehashTest.DuplicateKeyDoesNotTriggerExtraRehash" start time: Jul 01 12:26 India Standard Time
Output:
----------------------------------------------------------
Note: Google Test filter = HashMapRehashTest.DuplicateKeyDoesNotTriggerExtraRehash
[==========] Running 1 test from 1 test suite.
[----------] Global test environment set-up.
[----------] 1 test from HashMapRehashTest
[ RUN      ] HashMapRehashTest.DuplicateKeyDoesNotTriggerExtraRehash
[       OK ] HashMapRehashTest.DuplicateKeyDoesNotTriggerExtraRehash (0 ms)
[----------] 1 test from HashMapRehashTest (0 ms total)

[----------] Global test environment tear-down
[==========] 1 test from 1 test suite ran. (0 ms total)
[  PASSED  ] 1 test.
<end of output>
Test time =   0.04 sec
----------------------------------------------------------
Test Passed.
"HashMapRehashTest.DuplicateKeyDoesNotTriggerExtraRehash" end time: Jul 01 12:26 India Standard Time
"HashMapRehashTest.DuplicateKeyDoesNotTriggerExtraRehash" time elapsed: 00:00:00
----------------------------------------------------------

41/135 Testing: HashMapRehashTest.MultipleRehashes
41/135 Test: HashMapRehashTest.MultipleRehashes
Command: "D:/Git pull/STL-Library/build/Tests.exe" "--gtest_filter=HashMapRehashTest.MultipleRehashes" "--gtest_also_run_disabled_tests"
Directory: D:/Git pull/STL-Library/build
"HashMapRehashTest.MultipleRehashes" start time: Jul 01 12:26 India Standard Time
Output:
----------------------------------------------------------
Note: Google Test filter = HashMapRehashTest.MultipleRehashes
[==========] Running 1 test from 1 test suite.
[----------] Global test environment set-up.
[----------] 1 test from HashMapRehashTest
[ RUN      ] HashMapRehashTest.MultipleRehashes
[       OK ] HashMapRehashTest.MultipleRehashes (0 ms)
[----------] 1 test from HashMapRehashTest (0 ms total)

[----------] Global test environment tear-down
[==========] 1 test from 1 test suite ran. (0 ms total)
[  PASSED  ] 1 test.
<end of output>
Test time =   0.04 sec
----------------------------------------------------------
Test Passed.
"HashMapRehashTest.MultipleRehashes" end time: Jul 01 12:26 India Standard Time
"HashMapRehashTest.MultipleRehashes" time elapsed: 00:00:00
----------------------------------------------------------

42/135 Testing: HashMapClearTest.ClearEmptyMap
42/135 Test: HashMapClearTest.ClearEmptyMap
Command: "D:/Git pull/STL-Library/build/Tests.exe" "--gtest_filter=HashMapClearTest.ClearEmptyMap" "--gtest_also_run_disabled_tests"
Directory: D:/Git pull/STL-Library/build
"HashMapClearTest.ClearEmptyMap" start time: Jul 01 12:26 India Standard Time
Output:
----------------------------------------------------------
Note: Google Test filter = HashMapClearTest.ClearEmptyMap
[==========] Running 1 test from 1 test suite.
[----------] Global test environment set-up.
[----------] 1 test from HashMapClearTest
[ RUN      ] HashMapClearTest.ClearEmptyMap
[       OK ] HashMapClearTest.ClearEmptyMap (0 ms)
[----------] 1 test from HashMapClearTest (0 ms total)

[----------] Global test environment tear-down
[==========] 1 test from 1 test suite ran. (0 ms total)
[  PASSED  ] 1 test.
<end of output>
Test time =   0.05 sec
----------------------------------------------------------
Test Passed.
"HashMapClearTest.ClearEmptyMap" end time: Jul 01 12:26 India Standard Time
"HashMapClearTest.ClearEmptyMap" time elapsed: 00:00:00
----------------------------------------------------------

43/135 Testing: HashMapClearTest.ClearAfterSingleInsert
43/135 Test: HashMapClearTest.ClearAfterSingleInsert
Command: "D:/Git pull/STL-Library/build/Tests.exe" "--gtest_filter=HashMapClearTest.ClearAfterSingleInsert" "--gtest_also_run_disabled_tests"
Directory: D:/Git pull/STL-Library/build
"HashMapClearTest.ClearAfterSingleInsert" start time: Jul 01 12:26 India Standard Time
Output:
----------------------------------------------------------
Note: Google Test filter = HashMapClearTest.ClearAfterSingleInsert
[==========] Running 1 test from 1 test suite.
[----------] Global test environment set-up.
[----------] 1 test from HashMapClearTest
[ RUN      ] HashMapClearTest.ClearAfterSingleInsert
[       OK ] HashMapClearTest.ClearAfterSingleInsert (0 ms)
[----------] 1 test from HashMapClearTest (0 ms total)

[----------] Global test environment tear-down
[==========] 1 test from 1 test suite ran. (0 ms total)
[  PASSED  ] 1 test.
<end of output>
Test time =   0.04 sec
----------------------------------------------------------
Test Passed.
"HashMapClearTest.ClearAfterSingleInsert" end time: Jul 01 12:26 India Standard Time
"HashMapClearTest.ClearAfterSingleInsert" time elapsed: 00:00:00
----------------------------------------------------------

44/135 Testing: HashMapClearTest.ClearAfterMultipleInserts
44/135 Test: HashMapClearTest.ClearAfterMultipleInserts
Command: "D:/Git pull/STL-Library/build/Tests.exe" "--gtest_filter=HashMapClearTest.ClearAfterMultipleInserts" "--gtest_also_run_disabled_tests"
Directory: D:/Git pull/STL-Library/build
"HashMapClearTest.ClearAfterMultipleInserts" start time: Jul 01 12:26 India Standard Time
Output:
----------------------------------------------------------
Note: Google Test filter = HashMapClearTest.ClearAfterMultipleInserts
[==========] Running 1 test from 1 test suite.
[----------] Global test environment set-up.
[----------] 1 test from HashMapClearTest
[ RUN      ] HashMapClearTest.ClearAfterMultipleInserts
[       OK ] HashMapClearTest.ClearAfterMultipleInserts (0 ms)
[----------] 1 test from HashMapClearTest (0 ms total)

[----------] Global test environment tear-down
[==========] 1 test from 1 test suite ran. (0 ms total)
[  PASSED  ] 1 test.
<end of output>
Test time =   0.04 sec
----------------------------------------------------------
Test Passed.
"HashMapClearTest.ClearAfterMultipleInserts" end time: Jul 01 12:26 India Standard Time
"HashMapClearTest.ClearAfterMultipleInserts" time elapsed: 00:00:00
----------------------------------------------------------

45/135 Testing: HashMapClearTest.InsertAfterClear
45/135 Test: HashMapClearTest.InsertAfterClear
Command: "D:/Git pull/STL-Library/build/Tests.exe" "--gtest_filter=HashMapClearTest.InsertAfterClear" "--gtest_also_run_disabled_tests"
Directory: D:/Git pull/STL-Library/build
"HashMapClearTest.InsertAfterClear" start time: Jul 01 12:26 India Standard Time
Output:
----------------------------------------------------------
Note: Google Test filter = HashMapClearTest.InsertAfterClear
[==========] Running 1 test from 1 test suite.
[----------] Global test environment set-up.
[----------] 1 test from HashMapClearTest
[ RUN      ] HashMapClearTest.InsertAfterClear
[       OK ] HashMapClearTest.InsertAfterClear (0 ms)
[----------] 1 test from HashMapClearTest (0 ms total)

[----------] Global test environment tear-down
[==========] 1 test from 1 test suite ran. (0 ms total)
[  PASSED  ] 1 test.
<end of output>
Test time =   0.04 sec
----------------------------------------------------------
Test Passed.
"HashMapClearTest.InsertAfterClear" end time: Jul 01 12:26 India Standard Time
"HashMapClearTest.InsertAfterClear" time elapsed: 00:00:00
----------------------------------------------------------

46/135 Testing: HashMapClearTest.CapacityRemainsSameAfterClear
46/135 Test: HashMapClearTest.CapacityRemainsSameAfterClear
Command: "D:/Git pull/STL-Library/build/Tests.exe" "--gtest_filter=HashMapClearTest.CapacityRemainsSameAfterClear" "--gtest_also_run_disabled_tests"
Directory: D:/Git pull/STL-Library/build
"HashMapClearTest.CapacityRemainsSameAfterClear" start time: Jul 01 12:26 India Standard Time
Output:
----------------------------------------------------------
Note: Google Test filter = HashMapClearTest.CapacityRemainsSameAfterClear
[==========] Running 1 test from 1 test suite.
[----------] Global test environment set-up.
[----------] 1 test from HashMapClearTest
[ RUN      ] HashMapClearTest.CapacityRemainsSameAfterClear
[       OK ] HashMapClearTest.CapacityRemainsSameAfterClear (0 ms)
[----------] 1 test from HashMapClearTest (0 ms total)

[----------] Global test environment tear-down
[==========] 1 test from 1 test suite ran. (0 ms total)
[  PASSED  ] 1 test.
<end of output>
Test time =   0.04 sec
----------------------------------------------------------
Test Passed.
"HashMapClearTest.CapacityRemainsSameAfterClear" end time: Jul 01 12:26 India Standard Time
"HashMapClearTest.CapacityRemainsSameAfterClear" time elapsed: 00:00:00
----------------------------------------------------------

47/135 Testing: HashMapLoadFactorTest.EmptyMap
47/135 Test: HashMapLoadFactorTest.EmptyMap
Command: "D:/Git pull/STL-Library/build/Tests.exe" "--gtest_filter=HashMapLoadFactorTest.EmptyMap" "--gtest_also_run_disabled_tests"
Directory: D:/Git pull/STL-Library/build
"HashMapLoadFactorTest.EmptyMap" start time: Jul 01 12:26 India Standard Time
Output:
----------------------------------------------------------
Note: Google Test filter = HashMapLoadFactorTest.EmptyMap
[==========] Running 1 test from 1 test suite.
[----------] Global test environment set-up.
[----------] 1 test from HashMapLoadFactorTest
[ RUN      ] HashMapLoadFactorTest.EmptyMap
[       OK ] HashMapLoadFactorTest.EmptyMap (0 ms)
[----------] 1 test from HashMapLoadFactorTest (0 ms total)

[----------] Global test environment tear-down
[==========] 1 test from 1 test suite ran. (0 ms total)
[  PASSED  ] 1 test.
<end of output>
Test time =   0.04 sec
----------------------------------------------------------
Test Passed.
"HashMapLoadFactorTest.EmptyMap" end time: Jul 01 12:26 India Standard Time
"HashMapLoadFactorTest.EmptyMap" time elapsed: 00:00:00
----------------------------------------------------------

48/135 Testing: HashMapLoadFactorTest.OneElement
48/135 Test: HashMapLoadFactorTest.OneElement
Command: "D:/Git pull/STL-Library/build/Tests.exe" "--gtest_filter=HashMapLoadFactorTest.OneElement" "--gtest_also_run_disabled_tests"
Directory: D:/Git pull/STL-Library/build
"HashMapLoadFactorTest.OneElement" start time: Jul 01 12:26 India Standard Time
Output:
----------------------------------------------------------
Note: Google Test filter = HashMapLoadFactorTest.OneElement
[==========] Running 1 test from 1 test suite.
[----------] Global test environment set-up.
[----------] 1 test from HashMapLoadFactorTest
[ RUN      ] HashMapLoadFactorTest.OneElement
[       OK ] HashMapLoadFactorTest.OneElement (0 ms)
[----------] 1 test from HashMapLoadFactorTest (0 ms total)

[----------] Global test environment tear-down
[==========] 1 test from 1 test suite ran. (0 ms total)
[  PASSED  ] 1 test.
<end of output>
Test time =   0.04 sec
----------------------------------------------------------
Test Passed.
"HashMapLoadFactorTest.OneElement" end time: Jul 01 12:26 India Standard Time
"HashMapLoadFactorTest.OneElement" time elapsed: 00:00:00
----------------------------------------------------------

49/135 Testing: HashMapLoadFactorTest.MultipleElements
49/135 Test: HashMapLoadFactorTest.MultipleElements
Command: "D:/Git pull/STL-Library/build/Tests.exe" "--gtest_filter=HashMapLoadFactorTest.MultipleElements" "--gtest_also_run_disabled_tests"
Directory: D:/Git pull/STL-Library/build
"HashMapLoadFactorTest.MultipleElements" start time: Jul 01 12:26 India Standard Time
Output:
----------------------------------------------------------
Note: Google Test filter = HashMapLoadFactorTest.MultipleElements
[==========] Running 1 test from 1 test suite.
[----------] Global test environment set-up.
[----------] 1 test from HashMapLoadFactorTest
[ RUN      ] HashMapLoadFactorTest.MultipleElements
[       OK ] HashMapLoadFactorTest.MultipleElements (0 ms)
[----------] 1 test from HashMapLoadFactorTest (0 ms total)

[----------] Global test environment tear-down
[==========] 1 test from 1 test suite ran. (0 ms total)
[  PASSED  ] 1 test.
<end of output>
Test time =   0.04 sec
----------------------------------------------------------
Test Passed.
"HashMapLoadFactorTest.MultipleElements" end time: Jul 01 12:26 India Standard Time
"HashMapLoadFactorTest.MultipleElements" time elapsed: 00:00:00
----------------------------------------------------------

50/135 Testing: HashMapLoadFactorTest.DuplicateKeyDoesNotChangeLoadFactor
50/135 Test: HashMapLoadFactorTest.DuplicateKeyDoesNotChangeLoadFactor
Command: "D:/Git pull/STL-Library/build/Tests.exe" "--gtest_filter=HashMapLoadFactorTest.DuplicateKeyDoesNotChangeLoadFactor" "--gtest_also_run_disabled_tests"
Directory: D:/Git pull/STL-Library/build
"HashMapLoadFactorTest.DuplicateKeyDoesNotChangeLoadFactor" start time: Jul 01 12:26 India Standard Time
Output:
----------------------------------------------------------
Note: Google Test filter = HashMapLoadFactorTest.DuplicateKeyDoesNotChangeLoadFactor
[==========] Running 1 test from 1 test suite.
[----------] Global test environment set-up.
[----------] 1 test from HashMapLoadFactorTest
[ RUN      ] HashMapLoadFactorTest.DuplicateKeyDoesNotChangeLoadFactor
[       OK ] HashMapLoadFactorTest.DuplicateKeyDoesNotChangeLoadFactor (0 ms)
[----------] 1 test from HashMapLoadFactorTest (0 ms total)

[----------] Global test environment tear-down
[==========] 1 test from 1 test suite ran. (0 ms total)
[  PASSED  ] 1 test.
<end of output>
Test time =   0.04 sec
----------------------------------------------------------
Test Passed.
"HashMapLoadFactorTest.DuplicateKeyDoesNotChangeLoadFactor" end time: Jul 01 12:26 India Standard Time
"HashMapLoadFactorTest.DuplicateKeyDoesNotChangeLoadFactor" time elapsed: 00:00:00
----------------------------------------------------------

51/135 Testing: HashMapLoadFactorTest.LoadFactorAfterRemove
51/135 Test: HashMapLoadFactorTest.LoadFactorAfterRemove
Command: "D:/Git pull/STL-Library/build/Tests.exe" "--gtest_filter=HashMapLoadFactorTest.LoadFactorAfterRemove" "--gtest_also_run_disabled_tests"
Directory: D:/Git pull/STL-Library/build
"HashMapLoadFactorTest.LoadFactorAfterRemove" start time: Jul 01 12:26 India Standard Time
Output:
----------------------------------------------------------
Note: Google Test filter = HashMapLoadFactorTest.LoadFactorAfterRemove
[==========] Running 1 test from 1 test suite.
[----------] Global test environment set-up.
[----------] 1 test from HashMapLoadFactorTest
[ RUN      ] HashMapLoadFactorTest.LoadFactorAfterRemove
[       OK ] HashMapLoadFactorTest.LoadFactorAfterRemove (0 ms)
[----------] 1 test from HashMapLoadFactorTest (0 ms total)

[----------] Global test environment tear-down
[==========] 1 test from 1 test suite ran. (0 ms total)
[  PASSED  ] 1 test.
<end of output>
Test time =   0.04 sec
----------------------------------------------------------
Test Passed.
"HashMapLoadFactorTest.LoadFactorAfterRemove" end time: Jul 01 12:26 India Standard Time
"HashMapLoadFactorTest.LoadFactorAfterRemove" time elapsed: 00:00:00
----------------------------------------------------------

52/135 Testing: HashMapLoadFactorTest.LoadFactorAfterClear
52/135 Test: HashMapLoadFactorTest.LoadFactorAfterClear
Command: "D:/Git pull/STL-Library/build/Tests.exe" "--gtest_filter=HashMapLoadFactorTest.LoadFactorAfterClear" "--gtest_also_run_disabled_tests"
Directory: D:/Git pull/STL-Library/build
"HashMapLoadFactorTest.LoadFactorAfterClear" start time: Jul 01 12:26 India Standard Time
Output:
----------------------------------------------------------
Note: Google Test filter = HashMapLoadFactorTest.LoadFactorAfterClear
[==========] Running 1 test from 1 test suite.
[----------] Global test environment set-up.
[----------] 1 test from HashMapLoadFactorTest
[ RUN      ] HashMapLoadFactorTest.LoadFactorAfterClear
[       OK ] HashMapLoadFactorTest.LoadFactorAfterClear (0 ms)
[----------] 1 test from HashMapLoadFactorTest (0 ms total)

[----------] Global test environment tear-down
[==========] 1 test from 1 test suite ran. (0 ms total)
[  PASSED  ] 1 test.
<end of output>
Test time =   0.04 sec
----------------------------------------------------------
Test Passed.
"HashMapLoadFactorTest.LoadFactorAfterClear" end time: Jul 01 12:26 India Standard Time
"HashMapLoadFactorTest.LoadFactorAfterClear" time elapsed: 00:00:00
----------------------------------------------------------

53/135 Testing: HashMapExistsTest.ExistingKeyReturnsTrue
53/135 Test: HashMapExistsTest.ExistingKeyReturnsTrue
Command: "D:/Git pull/STL-Library/build/Tests.exe" "--gtest_filter=HashMapExistsTest.ExistingKeyReturnsTrue" "--gtest_also_run_disabled_tests"
Directory: D:/Git pull/STL-Library/build
"HashMapExistsTest.ExistingKeyReturnsTrue" start time: Jul 01 12:26 India Standard Time
Output:
----------------------------------------------------------
Note: Google Test filter = HashMapExistsTest.ExistingKeyReturnsTrue
[==========] Running 1 test from 1 test suite.
[----------] Global test environment set-up.
[----------] 1 test from HashMapExistsTest
[ RUN      ] HashMapExistsTest.ExistingKeyReturnsTrue
[       OK ] HashMapExistsTest.ExistingKeyReturnsTrue (0 ms)
[----------] 1 test from HashMapExistsTest (0 ms total)

[----------] Global test environment tear-down
[==========] 1 test from 1 test suite ran. (0 ms total)
[  PASSED  ] 1 test.
<end of output>
Test time =   0.04 sec
----------------------------------------------------------
Test Passed.
"HashMapExistsTest.ExistingKeyReturnsTrue" end time: Jul 01 12:26 India Standard Time
"HashMapExistsTest.ExistingKeyReturnsTrue" time elapsed: 00:00:00
----------------------------------------------------------

54/135 Testing: HashMapExistsTest.NonExistingKeyReturnsFalse
54/135 Test: HashMapExistsTest.NonExistingKeyReturnsFalse
Command: "D:/Git pull/STL-Library/build/Tests.exe" "--gtest_filter=HashMapExistsTest.NonExistingKeyReturnsFalse" "--gtest_also_run_disabled_tests"
Directory: D:/Git pull/STL-Library/build
"HashMapExistsTest.NonExistingKeyReturnsFalse" start time: Jul 01 12:26 India Standard Time
Output:
----------------------------------------------------------
Note: Google Test filter = HashMapExistsTest.NonExistingKeyReturnsFalse
[==========] Running 1 test from 1 test suite.
[----------] Global test environment set-up.
[----------] 1 test from HashMapExistsTest
[ RUN      ] HashMapExistsTest.NonExistingKeyReturnsFalse
[       OK ] HashMapExistsTest.NonExistingKeyReturnsFalse (0 ms)
[----------] 1 test from HashMapExistsTest (0 ms total)

[----------] Global test environment tear-down
[==========] 1 test from 1 test suite ran. (0 ms total)
[  PASSED  ] 1 test.
<end of output>
Test time =   0.04 sec
----------------------------------------------------------
Test Passed.
"HashMapExistsTest.NonExistingKeyReturnsFalse" end time: Jul 01 12:26 India Standard Time
"HashMapExistsTest.NonExistingKeyReturnsFalse" time elapsed: 00:00:00
----------------------------------------------------------

55/135 Testing: HashMapExistsTest.EmptyMapReturnsFalse
55/135 Test: HashMapExistsTest.EmptyMapReturnsFalse
Command: "D:/Git pull/STL-Library/build/Tests.exe" "--gtest_filter=HashMapExistsTest.EmptyMapReturnsFalse" "--gtest_also_run_disabled_tests"
Directory: D:/Git pull/STL-Library/build
"HashMapExistsTest.EmptyMapReturnsFalse" start time: Jul 01 12:26 India Standard Time
Output:
----------------------------------------------------------
Note: Google Test filter = HashMapExistsTest.EmptyMapReturnsFalse
[==========] Running 1 test from 1 test suite.
[----------] Global test environment set-up.
[----------] 1 test from HashMapExistsTest
[ RUN      ] HashMapExistsTest.EmptyMapReturnsFalse
[       OK ] HashMapExistsTest.EmptyMapReturnsFalse (0 ms)
[----------] 1 test from HashMapExistsTest (0 ms total)

[----------] Global test environment tear-down
[==========] 1 test from 1 test suite ran. (0 ms total)
[  PASSED  ] 1 test.
<end of output>
Test time =   0.04 sec
----------------------------------------------------------
Test Passed.
"HashMapExistsTest.EmptyMapReturnsFalse" end time: Jul 01 12:26 India Standard Time
"HashMapExistsTest.EmptyMapReturnsFalse" time elapsed: 00:00:00
----------------------------------------------------------

56/135 Testing: HashMapExistsTest.NegativeKey
56/135 Test: HashMapExistsTest.NegativeKey
Command: "D:/Git pull/STL-Library/build/Tests.exe" "--gtest_filter=HashMapExistsTest.NegativeKey" "--gtest_also_run_disabled_tests"
Directory: D:/Git pull/STL-Library/build
"HashMapExistsTest.NegativeKey" start time: Jul 01 12:26 India Standard Time
Output:
----------------------------------------------------------
Note: Google Test filter = HashMapExistsTest.NegativeKey
[==========] Running 1 test from 1 test suite.
[----------] Global test environment set-up.
[----------] 1 test from HashMapExistsTest
[ RUN      ] HashMapExistsTest.NegativeKey
[       OK ] HashMapExistsTest.NegativeKey (0 ms)
[----------] 1 test from HashMapExistsTest (0 ms total)

[----------] Global test environment tear-down
[==========] 1 test from 1 test suite ran. (0 ms total)
[  PASSED  ] 1 test.
<end of output>
Test time =   0.05 sec
----------------------------------------------------------
Test Passed.
"HashMapExistsTest.NegativeKey" end time: Jul 01 12:26 India Standard Time
"HashMapExistsTest.NegativeKey" time elapsed: 00:00:00
----------------------------------------------------------

57/135 Testing: HashMapExistsTest.ZeroKey
57/135 Test: HashMapExistsTest.ZeroKey
Command: "D:/Git pull/STL-Library/build/Tests.exe" "--gtest_filter=HashMapExistsTest.ZeroKey" "--gtest_also_run_disabled_tests"
Directory: D:/Git pull/STL-Library/build
"HashMapExistsTest.ZeroKey" start time: Jul 01 12:26 India Standard Time
Output:
----------------------------------------------------------
Note: Google Test filter = HashMapExistsTest.ZeroKey
[==========] Running 1 test from 1 test suite.
[----------] Global test environment set-up.
[----------] 1 test from HashMapExistsTest
[ RUN      ] HashMapExistsTest.ZeroKey
[       OK ] HashMapExistsTest.ZeroKey (0 ms)
[----------] 1 test from HashMapExistsTest (0 ms total)

[----------] Global test environment tear-down
[==========] 1 test from 1 test suite ran. (0 ms total)
[  PASSED  ] 1 test.
<end of output>
Test time =   0.04 sec
----------------------------------------------------------
Test Passed.
"HashMapExistsTest.ZeroKey" end time: Jul 01 12:26 India Standard Time
"HashMapExistsTest.ZeroKey" time elapsed: 00:00:00
----------------------------------------------------------

58/135 Testing: HashMapExistsTest.AfterRemoveReturnsFalse
58/135 Test: HashMapExistsTest.AfterRemoveReturnsFalse
Command: "D:/Git pull/STL-Library/build/Tests.exe" "--gtest_filter=HashMapExistsTest.AfterRemoveReturnsFalse" "--gtest_also_run_disabled_tests"
Directory: D:/Git pull/STL-Library/build
"HashMapExistsTest.AfterRemoveReturnsFalse" start time: Jul 01 12:26 India Standard Time
Output:
----------------------------------------------------------
Note: Google Test filter = HashMapExistsTest.AfterRemoveReturnsFalse
[==========] Running 1 test from 1 test suite.
[----------] Global test environment set-up.
[----------] 1 test from HashMapExistsTest
[ RUN      ] HashMapExistsTest.AfterRemoveReturnsFalse
[       OK ] HashMapExistsTest.AfterRemoveReturnsFalse (0 ms)
[----------] 1 test from HashMapExistsTest (0 ms total)

[----------] Global test environment tear-down
[==========] 1 test from 1 test suite ran. (0 ms total)
[  PASSED  ] 1 test.
<end of output>
Test time =   0.04 sec
----------------------------------------------------------
Test Passed.
"HashMapExistsTest.AfterRemoveReturnsFalse" end time: Jul 01 12:26 India Standard Time
"HashMapExistsTest.AfterRemoveReturnsFalse" time elapsed: 00:00:00
----------------------------------------------------------

59/135 Testing: HashMapExistsTest.MultipleElements
59/135 Test: HashMapExistsTest.MultipleElements
Command: "D:/Git pull/STL-Library/build/Tests.exe" "--gtest_filter=HashMapExistsTest.MultipleElements" "--gtest_also_run_disabled_tests"
Directory: D:/Git pull/STL-Library/build
"HashMapExistsTest.MultipleElements" start time: Jul 01 12:26 India Standard Time
Output:
----------------------------------------------------------
Note: Google Test filter = HashMapExistsTest.MultipleElements
[==========] Running 1 test from 1 test suite.
[----------] Global test environment set-up.
[----------] 1 test from HashMapExistsTest
[ RUN      ] HashMapExistsTest.MultipleElements
[       OK ] HashMapExistsTest.MultipleElements (0 ms)
[----------] 1 test from HashMapExistsTest (0 ms total)

[----------] Global test environment tear-down
[==========] 1 test from 1 test suite ran. (0 ms total)
[  PASSED  ] 1 test.
<end of output>
Test time =   0.04 sec
----------------------------------------------------------
Test Passed.
"HashMapExistsTest.MultipleElements" end time: Jul 01 12:26 India Standard Time
"HashMapExistsTest.MultipleElements" time elapsed: 00:00:00
----------------------------------------------------------

60/135 Testing: HashMapExistsTest.StringKeys
60/135 Test: HashMapExistsTest.StringKeys
Command: "D:/Git pull/STL-Library/build/Tests.exe" "--gtest_filter=HashMapExistsTest.StringKeys" "--gtest_also_run_disabled_tests"
Directory: D:/Git pull/STL-Library/build
"HashMapExistsTest.StringKeys" start time: Jul 01 12:26 India Standard Time
Output:
----------------------------------------------------------
Note: Google Test filter = HashMapExistsTest.StringKeys
[==========] Running 1 test from 1 test suite.
[----------] Global test environment set-up.
[----------] 1 test from HashMapExistsTest
[ RUN      ] HashMapExistsTest.StringKeys
[       OK ] HashMapExistsTest.StringKeys (0 ms)
[----------] 1 test from HashMapExistsTest (0 ms total)

[----------] Global test environment tear-down
[==========] 1 test from 1 test suite ran. (0 ms total)
[  PASSED  ] 1 test.
<end of output>
Test time =   0.04 sec
----------------------------------------------------------
Test Passed.
"HashMapExistsTest.StringKeys" end time: Jul 01 12:26 India Standard Time
"HashMapExistsTest.StringKeys" time elapsed: 00:00:00
----------------------------------------------------------

61/135 Testing: HashMapExistsTest.DuplicateInsertStillExists
61/135 Test: HashMapExistsTest.DuplicateInsertStillExists
Command: "D:/Git pull/STL-Library/build/Tests.exe" "--gtest_filter=HashMapExistsTest.DuplicateInsertStillExists" "--gtest_also_run_disabled_tests"
Directory: D:/Git pull/STL-Library/build
"HashMapExistsTest.DuplicateInsertStillExists" start time: Jul 01 12:26 India Standard Time
Output:
----------------------------------------------------------
Note: Google Test filter = HashMapExistsTest.DuplicateInsertStillExists
[==========] Running 1 test from 1 test suite.
[----------] Global test environment set-up.
[----------] 1 test from HashMapExistsTest
[ RUN      ] HashMapExistsTest.DuplicateInsertStillExists
[       OK ] HashMapExistsTest.DuplicateInsertStillExists (0 ms)
[----------] 1 test from HashMapExistsTest (0 ms total)

[----------] Global test environment tear-down
[==========] 1 test from 1 test suite ran. (0 ms total)
[  PASSED  ] 1 test.
<end of output>
Test time =   0.04 sec
----------------------------------------------------------
Test Passed.
"HashMapExistsTest.DuplicateInsertStillExists" end time: Jul 01 12:26 India Standard Time
"HashMapExistsTest.DuplicateInsertStillExists" time elapsed: 00:00:00
----------------------------------------------------------

62/135 Testing: HashMapRemoveTest.RemoveExistingKey
62/135 Test: HashMapRemoveTest.RemoveExistingKey
Command: "D:/Git pull/STL-Library/build/Tests.exe" "--gtest_filter=HashMapRemoveTest.RemoveExistingKey" "--gtest_also_run_disabled_tests"
Directory: D:/Git pull/STL-Library/build
"HashMapRemoveTest.RemoveExistingKey" start time: Jul 01 12:26 India Standard Time
Output:
----------------------------------------------------------
Note: Google Test filter = HashMapRemoveTest.RemoveExistingKey
[==========] Running 1 test from 1 test suite.
[----------] Global test environment set-up.
[----------] 1 test from HashMapRemoveTest
[ RUN      ] HashMapRemoveTest.RemoveExistingKey
[       OK ] HashMapRemoveTest.RemoveExistingKey (0 ms)
[----------] 1 test from HashMapRemoveTest (0 ms total)

[----------] Global test environment tear-down
[==========] 1 test from 1 test suite ran. (0 ms total)
[  PASSED  ] 1 test.
<end of output>
Test time =   0.04 sec
----------------------------------------------------------
Test Passed.
"HashMapRemoveTest.RemoveExistingKey" end time: Jul 01 12:26 India Standard Time
"HashMapRemoveTest.RemoveExistingKey" time elapsed: 00:00:00
----------------------------------------------------------

63/135 Testing: HashMapRemoveTest.RemoveFromMultipleElements
63/135 Test: HashMapRemoveTest.RemoveFromMultipleElements
Command: "D:/Git pull/STL-Library/build/Tests.exe" "--gtest_filter=HashMapRemoveTest.RemoveFromMultipleElements" "--gtest_also_run_disabled_tests"
Directory: D:/Git pull/STL-Library/build
"HashMapRemoveTest.RemoveFromMultipleElements" start time: Jul 01 12:26 India Standard Time
Output:
----------------------------------------------------------
Note: Google Test filter = HashMapRemoveTest.RemoveFromMultipleElements
[==========] Running 1 test from 1 test suite.
[----------] Global test environment set-up.
[----------] 1 test from HashMapRemoveTest
[ RUN      ] HashMapRemoveTest.RemoveFromMultipleElements
[       OK ] HashMapRemoveTest.RemoveFromMultipleElements (0 ms)
[----------] 1 test from HashMapRemoveTest (0 ms total)

[----------] Global test environment tear-down
[==========] 1 test from 1 test suite ran. (0 ms total)
[  PASSED  ] 1 test.
<end of output>
Test time =   0.04 sec
----------------------------------------------------------
Test Passed.
"HashMapRemoveTest.RemoveFromMultipleElements" end time: Jul 01 12:26 India Standard Time
"HashMapRemoveTest.RemoveFromMultipleElements" time elapsed: 00:00:00
----------------------------------------------------------

64/135 Testing: HashMapRemoveTest.RemoveFirstInsertedElement
64/135 Test: HashMapRemoveTest.RemoveFirstInsertedElement
Command: "D:/Git pull/STL-Library/build/Tests.exe" "--gtest_filter=HashMapRemoveTest.RemoveFirstInsertedElement" "--gtest_also_run_disabled_tests"
Directory: D:/Git pull/STL-Library/build
"HashMapRemoveTest.RemoveFirstInsertedElement" start time: Jul 01 12:26 India Standard Time
Output:
----------------------------------------------------------
Note: Google Test filter = HashMapRemoveTest.RemoveFirstInsertedElement
[==========] Running 1 test from 1 test suite.
[----------] Global test environment set-up.
[----------] 1 test from HashMapRemoveTest
[ RUN      ] HashMapRemoveTest.RemoveFirstInsertedElement
[       OK ] HashMapRemoveTest.RemoveFirstInsertedElement (0 ms)
[----------] 1 test from HashMapRemoveTest (0 ms total)

[----------] Global test environment tear-down
[==========] 1 test from 1 test suite ran. (0 ms total)
[  PASSED  ] 1 test.
<end of output>
Test time =   0.05 sec
----------------------------------------------------------
Test Passed.
"HashMapRemoveTest.RemoveFirstInsertedElement" end time: Jul 01 12:26 India Standard Time
"HashMapRemoveTest.RemoveFirstInsertedElement" time elapsed: 00:00:00
----------------------------------------------------------

65/135 Testing: HashMapRemoveTest.RemoveLastInsertedElement
65/135 Test: HashMapRemoveTest.RemoveLastInsertedElement
Command: "D:/Git pull/STL-Library/build/Tests.exe" "--gtest_filter=HashMapRemoveTest.RemoveLastInsertedElement" "--gtest_also_run_disabled_tests"
Directory: D:/Git pull/STL-Library/build
[...]
[----------] 1 test from LinkedListEqualityOperatorTest
[ RUN      ] LinkedListEqualityOperatorTest.EqualLists
[       OK ] LinkedListEqualityOperatorTest.EqualLists (0 ms)
[----------] 1 test from LinkedListEqualityOperatorTest (0 ms total)

[----------] Global test environment tear-down
[==========] 1 test from 1 test suite ran. (0 ms total)
[  PASSED  ] 1 test.
<end of output>
Test time =   0.04 sec
----------------------------------------------------------
Test Passed.
"LinkedListEqualityOperatorTest.EqualLists" end time: Jul 01 12:26 India Standard Time
"LinkedListEqualityOperatorTest.EqualLists" time elapsed: 00:00:00
----------------------------------------------------------

122/135 Testing: LinkedListEqualityOperatorTest.DifferentSizes
122/135 Test: LinkedListEqualityOperatorTest.DifferentSizes
Command: "D:/Git pull/STL-Library/build/Tests.exe" "--gtest_filter=LinkedListEqualityOperatorTest.DifferentSizes" "--gtest_also_run_disabled_tests"
Directory: D:/Git pull/STL-Library/build
"LinkedListEqualityOperatorTest.DifferentSizes" start time: Jul 01 12:26 India Standard Time
Output:
----------------------------------------------------------
Note: Google Test filter = LinkedListEqualityOperatorTest.DifferentSizes
[==========] Running 1 test from 1 test suite.
[----------] Global test environment set-up.
[----------] 1 test from LinkedListEqualityOperatorTest
[ RUN      ] LinkedListEqualityOperatorTest.DifferentSizes
[       OK ] LinkedListEqualityOperatorTest.DifferentSizes (0 ms)
[----------] 1 test from LinkedListEqualityOperatorTest (0 ms total)

[----------] Global test environment tear-down
[==========] 1 test from 1 test suite ran. (0 ms total)
[  PASSED  ] 1 test.
<end of output>
Test time =   0.04 sec
----------------------------------------------------------
Test Passed.
"LinkedListEqualityOperatorTest.DifferentSizes" end time: Jul 01 12:26 India Standard Time
"LinkedListEqualityOperatorTest.DifferentSizes" time elapsed: 00:00:00
----------------------------------------------------------

123/135 Testing: LinkedListEqualityOperatorTest.DifferentValues
123/135 Test: LinkedListEqualityOperatorTest.DifferentValues
Command: "D:/Git pull/STL-Library/build/Tests.exe" "--gtest_filter=LinkedListEqualityOperatorTest.DifferentValues" "--gtest_also_run_disabled_tests"
Directory: D:/Git pull/STL-Library/build
"LinkedListEqualityOperatorTest.DifferentValues" start time: Jul 01 12:26 India Standard Time
Output:
----------------------------------------------------------
Note: Google Test filter = LinkedListEqualityOperatorTest.DifferentValues
[==========] Running 1 test from 1 test suite.
[----------] Global test environment set-up.
[----------] 1 test from LinkedListEqualityOperatorTest
[ RUN      ] LinkedListEqualityOperatorTest.DifferentValues
[       OK ] LinkedListEqualityOperatorTest.DifferentValues (0 ms)
[----------] 1 test from LinkedListEqualityOperatorTest (0 ms total)

[----------] Global test environment tear-down
[==========] 1 test from 1 test suite ran. (0 ms total)
[  PASSED  ] 1 test.
<end of output>
Test time =   0.04 sec
----------------------------------------------------------
Test Passed.
"LinkedListEqualityOperatorTest.DifferentValues" end time: Jul 01 12:26 India Standard Time
"LinkedListEqualityOperatorTest.DifferentValues" time elapsed: 00:00:00
----------------------------------------------------------

124/135 Testing: LinkedListEqualityOperatorTest.EmptyLists
124/135 Test: LinkedListEqualityOperatorTest.EmptyLists
Command: "D:/Git pull/STL-Library/build/Tests.exe" "--gtest_filter=LinkedListEqualityOperatorTest.EmptyLists" "--gtest_also_run_disabled_tests"
Directory: D:/Git pull/STL-Library/build
"LinkedListEqualityOperatorTest.EmptyLists" start time: Jul 01 12:26 India Standard Time
Output:
----------------------------------------------------------
Note: Google Test filter = LinkedListEqualityOperatorTest.EmptyLists
[==========] Running 1 test from 1 test suite.
[----------] Global test environment set-up.
[----------] 1 test from LinkedListEqualityOperatorTest
[ RUN      ] LinkedListEqualityOperatorTest.EmptyLists
[       OK ] LinkedListEqualityOperatorTest.EmptyLists (0 ms)
[----------] 1 test from LinkedListEqualityOperatorTest (0 ms total)

[----------] Global test environment tear-down
[==========] 1 test from 1 test suite ran. (0 ms total)
[  PASSED  ] 1 test.
<end of output>
Test time =   0.04 sec
----------------------------------------------------------
Test Passed.
"LinkedListEqualityOperatorTest.EmptyLists" end time: Jul 01 12:26 India Standard Time
"LinkedListEqualityOperatorTest.EmptyLists" time elapsed: 00:00:00
----------------------------------------------------------

125/135 Testing: LinkedListEqualityOperatorTest.OneEmptyOneNonEmpty
125/135 Test: LinkedListEqualityOperatorTest.OneEmptyOneNonEmpty
Command: "D:/Git pull/STL-Library/build/Tests.exe" "--gtest_filter=LinkedListEqualityOperatorTest.OneEmptyOneNonEmpty" "--gtest_also_run_disabled_tests"
Directory: D:/Git pull/STL-Library/build
"LinkedListEqualityOperatorTest.OneEmptyOneNonEmpty" start time: Jul 01 12:26 India Standard Time
Output:
----------------------------------------------------------
Note: Google Test filter = LinkedListEqualityOperatorTest.OneEmptyOneNonEmpty
[==========] Running 1 test from 1 test suite.
[----------] Global test environment set-up.
[----------] 1 test from LinkedListEqualityOperatorTest
[ RUN      ] LinkedListEqualityOperatorTest.OneEmptyOneNonEmpty
[       OK ] LinkedListEqualityOperatorTest.OneEmptyOneNonEmpty (0 ms)
[----------] 1 test from LinkedListEqualityOperatorTest (0 ms total)

[----------] Global test environment tear-down
[==========] 1 test from 1 test suite ran. (0 ms total)
[  PASSED  ] 1 test.
<end of output>
Test time =   0.04 sec
----------------------------------------------------------
Test Passed.
"LinkedListEqualityOperatorTest.OneEmptyOneNonEmpty" end time: Jul 01 12:26 India Standard Time
"LinkedListEqualityOperatorTest.OneEmptyOneNonEmpty" time elapsed: 00:00:00
----------------------------------------------------------

126/135 Testing: LinkedListAssignmentOperatorTest.AssignPopulatedList
126/135 Test: LinkedListAssignmentOperatorTest.AssignPopulatedList
Command: "D:/Git pull/STL-Library/build/Tests.exe" "--gtest_filter=LinkedListAssignmentOperatorTest.AssignPopulatedList" "--gtest_also_run_disabled_tests"
Directory: D:/Git pull/STL-Library/build
"LinkedListAssignmentOperatorTest.AssignPopulatedList" start time: Jul 01 12:26 India Standard Time
Output:
----------------------------------------------------------
Note: Google Test filter = LinkedListAssignmentOperatorTest.AssignPopulatedList
[==========] Running 1 test from 1 test suite.
[----------] Global test environment set-up.
[----------] 1 test from LinkedListAssignmentOperatorTest
[ RUN      ] LinkedListAssignmentOperatorTest.AssignPopulatedList
[       OK ] LinkedListAssignmentOperatorTest.AssignPopulatedList (0 ms)
[----------] 1 test from LinkedListAssignmentOperatorTest (0 ms total)

[----------] Global test environment tear-down
[==========] 1 test from 1 test suite ran. (0 ms total)
[  PASSED  ] 1 test.
<end of output>
Test time =   0.05 sec
----------------------------------------------------------
Test Passed.
"LinkedListAssignmentOperatorTest.AssignPopulatedList" end time: Jul 01 12:26 India Standard Time
"LinkedListAssignmentOperatorTest.AssignPopulatedList" time elapsed: 00:00:00
----------------------------------------------------------

127/135 Testing: LinkedListAssignmentOperatorTest.AssignEmptyList
127/135 Test: LinkedListAssignmentOperatorTest.AssignEmptyList
Command: "D:/Git pull/STL-Library/build/Tests.exe" "--gtest_filter=LinkedListAssignmentOperatorTest.AssignEmptyList" "--gtest_also_run_disabled_tests"
Directory: D:/Git pull/STL-Library/build
"LinkedListAssignmentOperatorTest.AssignEmptyList" start time: Jul 01 12:26 India Standard Time
Output:
----------------------------------------------------------
Note: Google Test filter = LinkedListAssignmentOperatorTest.AssignEmptyList
[==========] Running 1 test from 1 test suite.
[----------] Global test environment set-up.
[----------] 1 test from LinkedListAssignmentOperatorTest
[ RUN      ] LinkedListAssignmentOperatorTest.AssignEmptyList
[       OK ] LinkedListAssignmentOperatorTest.AssignEmptyList (0 ms)
[----------] 1 test from LinkedListAssignmentOperatorTest (0 ms total)

[----------] Global test environment tear-down
[==========] 1 test from 1 test suite ran. (0 ms total)
[  PASSED  ] 1 test.
<end of output>
Test time =   0.04 sec
----------------------------------------------------------
Test Passed.
"LinkedListAssignmentOperatorTest.AssignEmptyList" end time: Jul 01 12:26 India Standard Time
"LinkedListAssignmentOperatorTest.AssignEmptyList" time elapsed: 00:00:00
----------------------------------------------------------

128/135 Testing: LinkedListAssignmentOperatorTest.SelfAssignment
128/135 Test: LinkedListAssignmentOperatorTest.SelfAssignment
Command: "D:/Git pull/STL-Library/build/Tests.exe" "--gtest_filter=LinkedListAssignmentOperatorTest.SelfAssignment" "--gtest_also_run_disabled_tests"
Directory: D:/Git pull/STL-Library/build
"LinkedListAssignmentOperatorTest.SelfAssignment" start time: Jul 01 12:26 India Standard Time
Output:
----------------------------------------------------------
Note: Google Test filter = LinkedListAssignmentOperatorTest.SelfAssignment
[==========] Running 1 test from 1 test suite.
[----------] Global test environment set-up.
[----------] 1 test from LinkedListAssignmentOperatorTest
[ RUN      ] LinkedListAssignmentOperatorTest.SelfAssignment
[       OK ] LinkedListAssignmentOperatorTest.SelfAssignment (0 ms)
[----------] 1 test from LinkedListAssignmentOperatorTest (0 ms total)

[----------] Global test environment tear-down
[==========] 1 test from 1 test suite ran. (0 ms total)
[  PASSED  ] 1 test.
<end of output>
Test time =   0.04 sec
----------------------------------------------------------
Test Passed.
"LinkedListAssignmentOperatorTest.SelfAssignment" end time: Jul 01 12:26 India Standard Time
"LinkedListAssignmentOperatorTest.SelfAssignment" time elapsed: 00:00:00
----------------------------------------------------------

129/135 Testing: LinkedListAssignmentOperatorTest.DeepCopyVerification
129/135 Test: LinkedListAssignmentOperatorTest.DeepCopyVerification
Command: "D:/Git pull/STL-Library/build/Tests.exe" "--gtest_filter=LinkedListAssignmentOperatorTest.DeepCopyVerification" "--gtest_also_run_disabled_tests"
Directory: D:/Git pull/STL-Library/build
"LinkedListAssignmentOperatorTest.DeepCopyVerification" start time: Jul 01 12:26 India Standard Time
Output:
----------------------------------------------------------
Note: Google Test filter = LinkedListAssignmentOperatorTest.DeepCopyVerification
[==========] Running 1 test from 1 test suite.
[----------] Global test environment set-up.
[----------] 1 test from LinkedListAssignmentOperatorTest
[ RUN      ] LinkedListAssignmentOperatorTest.DeepCopyVerification
[       OK ] LinkedListAssignmentOperatorTest.DeepCopyVerification (0 ms)
[----------] 1 test from LinkedListAssignmentOperatorTest (0 ms total)

[----------] Global test environment tear-down
[==========] 1 test from 1 test suite ran. (0 ms total)
[  PASSED  ] 1 test.
<end of output>
Test time =   0.04 sec
----------------------------------------------------------
Test Passed.
"LinkedListAssignmentOperatorTest.DeepCopyVerification" end time: Jul 01 12:26 India Standard Time
"LinkedListAssignmentOperatorTest.DeepCopyVerification" time elapsed: 00:00:00
----------------------------------------------------------

130/135 Testing: LinkedListAssignmentOperatorTest.OverwriteExistingList
130/135 Test: LinkedListAssignmentOperatorTest.OverwriteExistingList
Command: "D:/Git pull/STL-Library/build/Tests.exe" "--gtest_filter=LinkedListAssignmentOperatorTest.OverwriteExistingList" "--gtest_also_run_disabled_tests"
Directory: D:/Git pull/STL-Library/build
"LinkedListAssignmentOperatorTest.OverwriteExistingList" start time: Jul 01 12:26 India Standard Time
Output:
----------------------------------------------------------
Note: Google Test filter = LinkedListAssignmentOperatorTest.OverwriteExistingList
[==========] Running 1 test from 1 test suite.
[----------] Global test environment set-up.
[----------] 1 test from LinkedListAssignmentOperatorTest
[ RUN      ] LinkedListAssignmentOperatorTest.OverwriteExistingList
[       OK ] LinkedListAssignmentOperatorTest.OverwriteExistingList (0 ms)
[----------] 1 test from LinkedListAssignmentOperatorTest (0 ms total)

[----------] Global test environment tear-down
[==========] 1 test from 1 test suite ran. (0 ms total)
[  PASSED  ] 1 test.
<end of output>
Test time =   0.04 sec
----------------------------------------------------------
Test Passed.
"LinkedListAssignmentOperatorTest.OverwriteExistingList" end time: Jul 01 12:26 India Standard Time
"LinkedListAssignmentOperatorTest.OverwriteExistingList" time elapsed: 00:00:00
----------------------------------------------------------

131/135 Testing: LinkedListInsertHeadTest.InsertSingleElement
131/135 Test: LinkedListInsertHeadTest.InsertSingleElement
Command: "D:/Git pull/STL-Library/build/Tests.exe" "--gtest_filter=LinkedListInsertHeadTest.InsertSingleElement" "--gtest_also_run_disabled_tests"
Directory: D:/Git pull/STL-Library/build
"LinkedListInsertHeadTest.InsertSingleElement" start time: Jul 01 12:26 India Standard Time
Output:
----------------------------------------------------------
Note: Google Test filter = LinkedListInsertHeadTest.InsertSingleElement
[==========] Running 1 test from 1 test suite.
[----------] Global test environment set-up.
[----------] 1 test from LinkedListInsertHeadTest
[ RUN      ] LinkedListInsertHeadTest.InsertSingleElement
[       OK ] LinkedListInsertHeadTest.InsertSingleElement (0 ms)
[----------] 1 test from LinkedListInsertHeadTest (0 ms total)

[----------] Global test environment tear-down
[==========] 1 test from 1 test suite ran. (0 ms total)
[  PASSED  ] 1 test.
<end of output>
Test time =   0.04 sec
----------------------------------------------------------
Test Passed.
"LinkedListInsertHeadTest.InsertSingleElement" end time: Jul 01 12:26 India Standard Time
"LinkedListInsertHeadTest.InsertSingleElement" time elapsed: 00:00:00
----------------------------------------------------------

132/135 Testing: LinkedListInsertHeadTest.InsertMultipleElements
132/135 Test: LinkedListInsertHeadTest.InsertMultipleElements
Command: "D:/Git pull/STL-Library/build/Tests.exe" "--gtest_filter=LinkedListInsertHeadTest.InsertMultipleElements" "--gtest_also_run_disabled_tests"
Directory: D:/Git pull/STL-Library/build
"LinkedListInsertHeadTest.InsertMultipleElements" start time: Jul 01 12:26 India Standard Time
Output:
----------------------------------------------------------
Note: Google Test filter = LinkedListInsertHeadTest.InsertMultipleElements
[==========] Running 1 test from 1 test suite.
[----------] Global test environment set-up.
[----------] 1 test from LinkedListInsertHeadTest
[ RUN      ] LinkedListInsertHeadTest.InsertMultipleElements
[       OK ] LinkedListInsertHeadTest.InsertMultipleElements (0 ms)
[----------] 1 test from LinkedListInsertHeadTest (0 ms total)

[----------] Global test environment tear-down
[==========] 1 test from 1 test suite ran. (0 ms total)
[  PASSED  ] 1 test.
<end of output>
Test time =   0.05 sec
----------------------------------------------------------
Test Passed.
"LinkedListInsertHeadTest.InsertMultipleElements" end time: Jul 01 12:26 India Standard Time
"LinkedListInsertHeadTest.InsertMultipleElements" time elapsed: 00:00:00
----------------------------------------------------------

133/135 Testing: LinkedListInsertHeadTest.TailRemainsFirstInsertedElement
133/135 Test: LinkedListInsertHeadTest.TailRemainsFirstInsertedElement
Command: "D:/Git pull/STL-Library/build/Tests.exe" "--gtest_filter=LinkedListInsertHeadTest.TailRemainsFirstInsertedElement" "--gtest_also_run_disabled_tests"
Directory: D:/Git pull/STL-Library/build
"LinkedListInsertHeadTest.TailRemainsFirstInsertedElement" start time: Jul 01 12:26 India Standard Time
Output:
----------------------------------------------------------
Note: Google Test filter = LinkedListInsertHeadTest.TailRemainsFirstInsertedElement
[==========] Running 1 test from 1 test suite.
[----------] Global test environment set-up.
[----------] 1 test from LinkedListInsertHeadTest
[ RUN      ] LinkedListInsertHeadTest.TailRemainsFirstInsertedElement
[       OK ] LinkedListInsertHeadTest.TailRemainsFirstInsertedElement (0 ms)
[----------] 1 test from LinkedListInsertHeadTest (0 ms total)

[----------] Global test environment tear-down
[==========] 1 test from 1 test suite ran. (0 ms total)
[  PASSED  ] 1 test.
<end of output>
Test time =   0.04 sec
----------------------------------------------------------
Test Passed.
"LinkedListInsertHeadTest.TailRemainsFirstInsertedElement" end time: Jul 01 12:26 India Standard Time
"LinkedListInsertHeadTest.TailRemainsFirstInsertedElement" time elapsed: 00:00:00
----------------------------------------------------------

134/135 Testing: LinkedListInsertHeadTest.HeadChangesAfterEveryInsertion
134/135 Test: LinkedListInsertHeadTest.HeadChangesAfterEveryInsertion
Command: "D:/Git pull/STL-Library/build/Tests.exe" "--gtest_filter=LinkedListInsertHeadTest.HeadChangesAfterEveryInsertion" "--gtest_also_run_disabled_tests"
Directory: D:/Git pull/STL-Library/build
"LinkedListInsertHeadTest.HeadChangesAfterEveryInsertion" start time: Jul 01 12:26 India Standard Time
Output:
----------------------------------------------------------
Note: Google Test filter = LinkedListInsertHeadTest.HeadChangesAfterEveryInsertion
[==========] Running 1 test from 1 test suite.
[----------] Global test environment set-up.
[----------] 1 test from LinkedListInsertHeadTest
[ RUN      ] LinkedListInsertHeadTest.HeadChangesAfterEveryInsertion
[       OK ] LinkedListInsertHeadTest.HeadChangesAfterEveryInsertion (0 ms)
[----------] 1 test from LinkedListInsertHeadTest (0 ms total)

[----------] Global test environment tear-down
[==========] 1 test from 1 test suite ran. (0 ms total)
[  PASSED  ] 1 test.
<end of output>
Test time =   0.04 sec
----------------------------------------------------------
Test Passed.
"LinkedListInsertHeadTest.HeadChangesAfterEveryInsertion" end time: Jul 01 12:26 India Standard Time
"LinkedListInsertHeadTest.HeadChangesAfterEveryInsertion" time elapsed: 00:00:00
----------------------------------------------------------

135/135 Testing: LinkedListInsertHeadTest.InsertAfterClear
135/135 Test: LinkedListInsertHeadTest.InsertAfterClear
Command: "D:/Git pull/STL-Library/build/Tests.exe" "--gtest_filter=LinkedListInsertHeadTest.InsertAfterClear" "--gtest_also_run_disabled_tests"
Directory: D:/Git pull/STL-Library/build
"LinkedListInsertHeadTest.InsertAfterClear" start time: Jul 01 12:26 India Standard Time
Output:
----------------------------------------------------------
Note: Google Test filter = LinkedListInsertHeadTest.InsertAfterClear
[==========] Running 1 test from 1 test suite.
[----------] Global test environment set-up.
[----------] 1 test from LinkedListInsertHeadTest
[ RUN      ] LinkedListInsertHeadTest.InsertAfterClear
[       OK ] LinkedListInsertHeadTest.InsertAfterClear (0 ms)
[----------] 1 test from LinkedListInsertHeadTest (0 ms total)

[----------] Global test environment tear-down
[==========] 1 test from 1 test suite ran. (0 ms total)
[  PASSED  ] 1 test.
<end of output>
Test time =   0.05 sec
----------------------------------------------------------
Test Passed.
"LinkedListInsertHeadTest.InsertAfterClear" end time: Jul 01 12:26 India Standard Time
"LinkedListInsertHeadTest.InsertAfterClear" time elapsed: 00:00:00
----------------------------------------------------------

End testing: Jul 01 12:26 India Standard Time
